2026-03-16 01:33:24,514 - Orchestrator - INFO - Running single orchestration cycle
2026-03-16 01:33:24,515 - Orchestrator - ERROR - Error updating dashboard: 'charmap' codec can't decode byte 0x8f in position 783: character maps to <undefined>
2026-03-16 01:33:24,517 - Orchestrator - INFO - Found 2 pending item(s)
2026-03-16 01:33:24,518 - Orchestrator - INFO - Processing: FILE_example_document_SAMPLE.md
2026-03-16 01:33:24,519 - Orchestrator - INFO - Item type: file_drop, status: pending
2026-03-16 01:33:24,531 - Orchestrator - INFO - Completed processing: FILE_example_document_SAMPLE.md
2026-03-16 01:33:24,532 - Orchestrator - INFO - Processing: INVOICE_REQUEST_sample.md
2026-03-16 01:33:24,533 - Orchestrator - INFO - Item type: invoice_request, status: pending
2026-03-16 01:33:24,552 - Orchestrator - INFO - Completed processing: INVOICE_REQUEST_sample.md
2026-03-16 01:34:10,794 - Orchestrator - INFO - Running single orchestration cycle
2026-03-16 01:34:10,800 - Orchestrator - INFO - Dashboard updated
2026-03-16 01:34:10,801 - Orchestrator - INFO - Found 2 pending item(s)
2026-03-16 01:34:10,802 - Orchestrator - INFO - Processing: FILE_example_document_SAMPLE.md
2026-03-16 01:34:10,803 - Orchestrator - INFO - Item type: file_drop, status: pending
2026-03-16 01:34:10,838 - Orchestrator - INFO - Completed processing: FILE_example_document_SAMPLE.md
2026-03-16 01:34:10,838 - Orchestrator - INFO - Processing: INVOICE_REQUEST_sample.md
2026-03-16 01:34:10,839 - Orchestrator - INFO - Item type: invoice_request, status: pending
2026-03-16 01:34:10,858 - Orchestrator - INFO - Completed processing: INVOICE_REQUEST_sample.md
2026-03-16 01:42:20,522 - Orchestrator - INFO - Running single orchestration cycle
2026-03-16 01:42:20,532 - Orchestrator - INFO - Dashboard updated
2026-03-16 01:42:20,534 - Orchestrator - INFO - Found 2 pending item(s)
2026-03-16 01:42:20,535 - Orchestrator - INFO - Processing: FILE_example_document_SAMPLE.md
2026-03-16 01:42:20,537 - Orchestrator - INFO - Item type: file_drop, status: pending
2026-03-16 01:42:20,570 - Orchestrator - INFO - Completed processing: FILE_example_document_SAMPLE.md
2026-03-16 01:42:20,570 - Orchestrator - INFO - Processing: INVOICE_REQUEST_sample.md
2026-03-16 01:42:20,572 - Orchestrator - INFO - Item type: invoice_request, status: pending
2026-03-16 01:42:20,600 - Orchestrator - INFO - Completed processing: INVOICE_REQUEST_sample.md
2026-03-16 01:43:49,300 - Orchestrator - INFO - Running single orchestration cycle
2026-03-16 01:43:49,307 - Orchestrator - INFO - Dashboard updated
2026-03-16 01:43:49,308 - Orchestrator - INFO - Found 2 pending item(s)
2026-03-16 01:43:49,308 - Orchestrator - INFO - Processing: FILE_example_document_SAMPLE.md
2026-03-16 01:43:49,310 - Orchestrator - INFO - Item type: file_drop, status: pending
2026-03-16 01:43:49,348 - Orchestrator - INFO - Completed processing: FILE_example_document_SAMPLE.md
2026-03-16 01:43:49,349 - Orchestrator - INFO - Processing: INVOICE_REQUEST_sample.md
2026-03-16 01:43:49,350 - Orchestrator - INFO - Item type: invoice_request, status: pending
2026-03-16 01:43:49,376 - Orchestrator - INFO - Completed processing: INVOICE_REQUEST_sample.md
2026-03-16 01:52:25,347 - Orchestrator - INFO - Starting Orchestrator
2026-03-16 01:52:25,348 - Orchestrator - INFO - Vault path: AI_Employee_Vault
2026-03-16 01:52:25,348 - Orchestrator - INFO - Check interval: 60 seconds
2026-03-16 01:52:25,353 - Orchestrator - INFO - Dashboard updated
2026-03-16 01:52:25,386 - Orchestrator - INFO - Dashboard updated
2026-03-16 01:52:25,388 - Orchestrator - INFO - Found 2 pending item(s)
2026-03-16 01:52:25,388 - Orchestrator - INFO - Processing: FILE_example_document_SAMPLE.md
2026-03-16 01:52:25,391 - Orchestrator - INFO - Item type: file_drop, status: pending
2026-03-16 01:52:25,430 - Orchestrator - INFO - Completed processing: FILE_example_document_SAMPLE.md
2026-03-16 01:52:25,430 - Orchestrator - INFO - Processing: INVOICE_REQUEST_sample.md
2026-03-16 01:52:25,431 - Orchestrator - INFO - Item type: invoice_request, status: pending
2026-03-16 01:52:25,458 - Orchestrator - INFO - Completed processing: INVOICE_REQUEST_sample.md
2026-03-16 01:53:25,465 - Orchestrator - INFO - Dashboard updated
2026-03-16 01:54:25,472 - Orchestrator - INFO - Dashboard updated
2026-03-16 01:55:25,481 - Orchestrator - INFO - Dashboard updated
2026-03-16 01:56:25,485 - Orchestrator - INFO - Dashboard updated
2026-03-16 01:57:25,500 - Orchestrator - INFO - Dashboard updated
2026-03-16 01:58:25,533 - Orchestrator - INFO - Dashboard updated
2026-03-16 01:59:19,090 - Orchestrator - INFO - Orchestrator stopped by user
2026-03-16 01:59:26,954 - Orchestrator - INFO - Starting Orchestrator
2026-03-16 01:59:26,955 - Orchestrator - INFO - Vault path: AI_Employee_Vault
2026-03-16 01:59:26,955 - Orchestrator - INFO - Check interval: 60 seconds
2026-03-16 01:59:26,961 - Orchestrator - INFO - Dashboard updated
2026-03-16 01:59:26,991 - Orchestrator - INFO - Dashboard updated
2026-03-16 01:59:26,994 - Orchestrator - INFO - Found 2 pending item(s)
2026-03-16 01:59:26,994 - Orchestrator - INFO - Processing: FILE_example_document_SAMPLE.md
2026-03-16 01:59:26,996 - Orchestrator - INFO - Item type: file_drop, status: pending
2026-03-16 01:59:27,034 - Orchestrator - INFO - Completed processing: FILE_example_document_SAMPLE.md
2026-03-16 01:59:27,035 - Orchestrator - INFO - Processing: INVOICE_REQUEST_sample.md
2026-03-16 01:59:27,036 - Orchestrator - INFO - Item type: invoice_request, status: pending
2026-03-16 01:59:27,062 - Orchestrator - INFO - Completed processing: INVOICE_REQUEST_sample.md
2026-03-16 02:00:27,068 - Orchestrator - INFO - Dashboard updated
2026-03-16 02:01:27,076 - Orchestrator - INFO - Dashboard updated
2026-03-16 02:02:27,084 - Orchestrator - INFO - Dashboard updated
2026-03-16 02:03:27,091 - Orchestrator - INFO - Dashboard updated
2026-03-16 02:04:00,298 - Orchestrator - INFO - Running single orchestration cycle
2026-03-16 02:04:00,305 - Orchestrator - INFO - Dashboard updated
2026-03-16 02:04:00,306 - Orchestrator - INFO - Found 2 pending item(s)
2026-03-16 02:04:00,307 - Orchestrator - INFO - Processing: FILE_example_document_SAMPLE.md
2026-03-16 02:04:00,308 - Orchestrator - INFO - Item type: file_drop, status: pending
2026-03-16 02:04:00,339 - Orchestrator - INFO - Completed processing: FILE_example_document_SAMPLE.md
2026-03-16 02:04:00,340 - Orchestrator - INFO - Processing: INVOICE_REQUEST_sample.md
2026-03-16 02:04:00,340 - Orchestrator - INFO - Item type: invoice_request, status: pending
2026-03-16 02:04:00,362 - Orchestrator - INFO - Completed processing: INVOICE_REQUEST_sample.md
2026-03-16 02:04:27,099 - Orchestrator - INFO - Dashboard updated
2026-03-16 02:05:27,104 - Orchestrator - INFO - Dashboard updated
2026-03-16 02:05:27,105 - Orchestrator - INFO - Found 1 pending item(s)
2026-03-16 02:05:27,106 - Orchestrator - INFO - Processing: FILE_729b672b_20260316_020443.md
2026-03-16 02:05:27,106 - Orchestrator - INFO - Item type: file_drop, status: pending
2026-03-16 02:05:27,125 - Orchestrator - INFO - Completed processing: FILE_729b672b_20260316_020443.md
2026-03-16 02:06:27,131 - Orchestrator - INFO - Dashboard updated
2026-03-16 02:07:27,139 - Orchestrator - INFO - Dashboard updated
2026-03-16 02:08:27,148 - Orchestrator - INFO - Dashboard updated
2026-03-16 02:09:27,156 - Orchestrator - INFO - Dashboard updated
2026-03-16 02:10:27,176 - Orchestrator - INFO - Dashboard updated
2026-03-16 02:11:27,185 - Orchestrator - INFO - Dashboard updated
2026-03-16 02:12:27,193 - Orchestrator - INFO - Dashboard updated
2026-03-16 02:13:27,201 - Orchestrator - INFO - Dashboard updated
2026-03-16 02:14:27,209 - Orchestrator - INFO - Dashboard updated
2026-03-16 02:15:27,217 - Orchestrator - INFO - Dashboard updated
2026-03-16 02:16:27,226 - Orchestrator - INFO - Dashboard updated
2026-03-16 02:17:27,231 - Orchestrator - INFO - Dashboard updated
2026-03-16 02:17:38,709 - Orchestrator - INFO - Orchestrator stopped by user
2026-03-16 02:17:44,066 - Orchestrator - INFO - Starting Orchestrator
2026-03-16 02:17:44,067 - Orchestrator - INFO - Vault path: AI_Employee_Vault
2026-03-16 02:17:44,067 - Orchestrator - INFO - Check interval: 60 seconds
2026-03-16 02:17:44,075 - Orchestrator - INFO - Dashboard updated
2026-03-16 02:17:44,101 - Orchestrator - INFO - Dashboard updated
2026-03-16 02:17:44,103 - Orchestrator - INFO - Found 1 pending item(s)
2026-03-16 02:17:44,104 - Orchestrator - INFO - Processing: FILE_729b672b_20260316_020443.md
2026-03-16 02:17:44,107 - Orchestrator - INFO - Item type: file_drop, status: pending
2026-03-16 02:17:44,146 - Orchestrator - INFO - Completed processing: FILE_729b672b_20260316_020443.md
2026-03-16 02:18:44,154 - Orchestrator - INFO - Dashboard updated
2026-03-16 02:19:44,162 - Orchestrator - INFO - Dashboard updated
2026-03-16 02:20:44,170 - Orchestrator - INFO - Dashboard updated
2026-03-16 02:21:44,178 - Orchestrator - INFO - Dashboard updated
2026-03-16 02:22:44,186 - Orchestrator - INFO - Dashboard updated
2026-03-16 02:23:44,206 - Orchestrator - INFO - Dashboard updated
2026-03-16 02:24:44,213 - Orchestrator - INFO - Dashboard updated
2026-03-16 02:25:44,222 - Orchestrator - INFO - Dashboard updated
2026-03-16 02:26:44,234 - Orchestrator - INFO - Dashboard updated
2026-03-16 02:27:44,243 - Orchestrator - INFO - Dashboard updated
2026-03-16 02:28:44,249 - Orchestrator - INFO - Dashboard updated
2026-03-16 02:29:44,257 - Orchestrator - INFO - Dashboard updated
2026-03-16 02:30:44,273 - Orchestrator - INFO - Dashboard updated
2026-03-16 02:31:44,283 - Orchestrator - INFO - Dashboard updated
2026-03-16 02:32:44,291 - Orchestrator - INFO - Dashboard updated
2026-03-16 02:33:44,300 - Orchestrator - INFO - Dashboard updated
2026-03-16 02:34:44,307 - Orchestrator - INFO - Dashboard updated
2026-03-16 02:35:44,315 - Orchestrator - INFO - Dashboard updated
2026-03-16 02:36:44,321 - Orchestrator - INFO - Dashboard updated
2026-03-16 02:37:44,334 - Orchestrator - INFO - Dashboard updated
2026-03-16 02:38:44,359 - Orchestrator - INFO - Dashboard updated
2026-03-16 02:39:44,368 - Orchestrator - INFO - Dashboard updated
2026-03-16 02:39:49,148 - Orchestrator - INFO - Orchestrator stopped by user
2026-03-16 02:44:28,994 - Orchestrator - INFO - Starting Orchestrator
2026-03-16 02:44:28,995 - Orchestrator - INFO - Vault path: C:\Users\pc\Desktop\desktop-tutorial\Hackathon-0--Personal-AI-Employee--Building-Autonomous--FTEs--Bronze-Tier--\AI_Employee_Vault
2026-03-16 02:44:28,996 - Orchestrator - INFO - Check interval: 60 seconds
2026-03-16 02:44:29,002 - Orchestrator - INFO - Dashboard updated
2026-03-16 02:44:29,053 - Orchestrator - INFO - Dashboard updated
2026-03-16 02:44:29,055 - Orchestrator - INFO - Found 1 pending item(s)
2026-03-16 02:44:29,055 - Orchestrator - INFO - Processing: FILE_729b672b_20260316_020443.md
2026-03-16 02:44:29,057 - Orchestrator - INFO - Item type: file_drop, status: pending
2026-03-16 02:44:29,097 - Orchestrator - INFO - Completed processing: FILE_729b672b_20260316_020443.md
2026-03-16 02:45:29,104 - Orchestrator - INFO - Dashboard updated
2026-03-16 02:46:29,109 - Orchestrator - INFO - Dashboard updated
2026-03-16 02:47:29,113 - Orchestrator - INFO - Dashboard updated
2026-03-16 02:48:29,120 - Orchestrator - INFO - Dashboard updated
2026-03-16 02:49:29,127 - Orchestrator - INFO - Dashboard updated
2026-03-16 02:49:51,405 - Orchestrator - INFO - Orchestrator stopped by user
