2026-03-17 15:40:46,486 - Orchestrator - INFO - Running single orchestration cycle
2026-03-17 15:40:46,527 - Orchestrator - INFO - Dashboard updated
2026-03-17 15:40:46,572 - Orchestrator - INFO - Moved email_test.md from Inbox to Needs_Action
2026-03-17 15:40:46,575 - Orchestrator - INFO - Found 2 pending item(s)
2026-03-17 15:40:46,575 - Orchestrator - INFO - Processing: FILE_729b672b_20260316_020443.md
2026-03-17 15:40:46,596 - Orchestrator - INFO - Item type: file_drop, status: pending
2026-03-17 15:40:46,613 - Orchestrator - INFO - Completed processing: FILE_729b672b_20260316_020443.md
2026-03-17 15:40:46,614 - Orchestrator - INFO - Processing: INBOX_9e94d3a1_20260317_154046.md
2026-03-17 15:40:46,637 - Orchestrator - INFO - Item type: inbox_item, status: pending
2026-03-17 15:40:46,660 - Orchestrator - INFO - Completed processing: INBOX_9e94d3a1_20260317_154046.md
2026-03-17 15:45:05,686 - Orchestrator - INFO - Starting Orchestrator
2026-03-17 15:45:05,687 - Orchestrator - INFO - Vault path: C:\Users\pc\Desktop\desktop-tutorial\Hackathon-0--Personal-AI-Employee--Building-Autonomous--FTEs--Bronze-Tier--\AI_Employee_Vault
2026-03-17 15:45:05,687 - Orchestrator - INFO - Check interval: 30 seconds
2026-03-17 15:45:05,693 - Orchestrator - INFO - Dashboard updated
2026-03-17 15:45:05,719 - Orchestrator - INFO - Dashboard updated
2026-03-17 15:45:05,757 - Orchestrator - INFO - Moved email_test.md from Inbox to Needs_Action
2026-03-17 15:45:05,758 - Orchestrator - INFO - Found 3 pending item(s)
2026-03-17 15:45:05,759 - Orchestrator - INFO - Processing: FILE_729b672b_20260316_020443.md
2026-03-17 15:45:05,761 - Orchestrator - INFO - Item type: file_drop, status: pending
2026-03-17 15:45:05,791 - Orchestrator - INFO - Completed processing: FILE_729b672b_20260316_020443.md
2026-03-17 15:45:05,791 - Orchestrator - INFO - Processing: INBOX_9e94d3a1_20260317_154046.md
2026-03-17 15:45:05,792 - Orchestrator - INFO - Item type: inbox_item, status: pending
2026-03-17 15:45:05,814 - Orchestrator - INFO - Completed processing: INBOX_9e94d3a1_20260317_154046.md
2026-03-17 15:45:05,815 - Orchestrator - INFO - Processing: INBOX_9e94d3a1_20260317_154505.md
2026-03-17 15:45:05,840 - Orchestrator - INFO - Item type: inbox_item, status: pending
2026-03-17 15:45:05,863 - Orchestrator - INFO - Completed processing: INBOX_9e94d3a1_20260317_154505.md
2026-03-17 15:45:35,875 - Orchestrator - INFO - Dashboard updated
2026-03-17 15:45:35,889 - Orchestrator - INFO - Moved email_test.md from Inbox to Needs_Action
2026-03-17 15:45:35,892 - Orchestrator - INFO - Found 1 pending item(s)
2026-03-17 15:45:35,893 - Orchestrator - INFO - Processing: INBOX_9e94d3a1_20260317_154535.md
2026-03-17 15:45:35,952 - Orchestrator - INFO - Item type: inbox_item, status: pending
2026-03-17 15:45:36,005 - Orchestrator - INFO - Completed processing: INBOX_9e94d3a1_20260317_154535.md
2026-03-17 15:46:06,019 - Orchestrator - INFO - Dashboard updated
2026-03-17 15:46:06,033 - Orchestrator - INFO - Moved email_test.md from Inbox to Needs_Action
2026-03-17 15:46:06,036 - Orchestrator - INFO - Found 1 pending item(s)
2026-03-17 15:46:06,037 - Orchestrator - INFO - Processing: INBOX_9e94d3a1_20260317_154606.md
2026-03-17 15:46:06,104 - Orchestrator - INFO - Item type: inbox_item, status: pending
2026-03-17 15:46:06,146 - Orchestrator - INFO - Completed processing: INBOX_9e94d3a1_20260317_154606.md
2026-03-17 15:46:36,159 - Orchestrator - INFO - Dashboard updated
2026-03-17 15:46:36,173 - Orchestrator - INFO - Moved email_test.md from Inbox to Needs_Action
2026-03-17 15:46:36,182 - Orchestrator - INFO - Moved hs.md from Inbox to Needs_Action
2026-03-17 15:46:36,185 - Orchestrator - INFO - Found 2 pending item(s)
2026-03-17 15:46:36,186 - Orchestrator - INFO - Processing: INBOX_9e94d3a1_20260317_154636.md
2026-03-17 15:46:36,256 - Orchestrator - INFO - Item type: inbox_item, status: pending
2026-03-17 15:46:36,304 - Orchestrator - INFO - Completed processing: INBOX_9e94d3a1_20260317_154636.md
2026-03-17 15:46:36,306 - Orchestrator - INFO - Processing: INBOX_e3b0c442_20260317_154636.md
2026-03-17 15:46:36,343 - Orchestrator - INFO - Item type: inbox_item, status: pending
2026-03-17 15:46:36,391 - Orchestrator - INFO - Completed processing: INBOX_e3b0c442_20260317_154636.md
2026-03-17 15:47:06,404 - Orchestrator - INFO - Dashboard updated
2026-03-17 15:47:06,430 - Orchestrator - INFO - Moved Ayaan.md from Inbox to Needs_Action
2026-03-17 15:47:06,445 - Orchestrator - INFO - Moved email_test.md from Inbox to Needs_Action
2026-03-17 15:47:06,450 - Orchestrator - INFO - Found 2 pending item(s)
2026-03-17 15:47:06,451 - Orchestrator - INFO - Processing: INBOX_07bfb4a8_20260317_154706.md
2026-03-17 15:47:06,494 - Orchestrator - INFO - Item type: inbox_item, status: pending
2026-03-17 15:47:06,539 - Orchestrator - INFO - Completed processing: INBOX_07bfb4a8_20260317_154706.md
2026-03-17 15:47:06,541 - Orchestrator - INFO - Processing: INBOX_9e94d3a1_20260317_154706.md
2026-03-17 15:47:06,587 - Orchestrator - INFO - Item type: inbox_item, status: pending
2026-03-17 15:47:06,632 - Orchestrator - INFO - Completed processing: INBOX_9e94d3a1_20260317_154706.md
2026-03-17 15:47:36,645 - Orchestrator - INFO - Dashboard updated
2026-03-17 15:47:36,658 - Orchestrator - INFO - Moved Ayaan.md from Inbox to Needs_Action
2026-03-17 15:47:36,673 - Orchestrator - INFO - Moved email_test.md from Inbox to Needs_Action
2026-03-17 15:47:36,677 - Orchestrator - INFO - Found 2 pending item(s)
2026-03-17 15:47:36,679 - Orchestrator - INFO - Processing: INBOX_b7b33b54_20260317_154736.md
2026-03-17 15:47:36,780 - Orchestrator - INFO - Item type: inbox_item, status: pending
2026-03-17 15:47:36,848 - Orchestrator - INFO - Completed processing: INBOX_b7b33b54_20260317_154736.md
2026-03-17 15:47:36,849 - Orchestrator - INFO - Processing: INBOX_9e94d3a1_20260317_154736.md
2026-03-17 15:47:36,889 - Orchestrator - INFO - Item type: inbox_item, status: pending
2026-03-17 15:47:36,917 - Orchestrator - INFO - Completed processing: INBOX_9e94d3a1_20260317_154736.md
2026-03-17 15:48:06,931 - Orchestrator - INFO - Dashboard updated
2026-03-17 15:48:06,945 - Orchestrator - INFO - Moved Ayaan.md from Inbox to Needs_Action
2026-03-17 15:48:06,958 - Orchestrator - INFO - Moved email_test.md from Inbox to Needs_Action
2026-03-17 15:48:06,961 - Orchestrator - INFO - Found 2 pending item(s)
2026-03-17 15:48:06,962 - Orchestrator - INFO - Processing: INBOX_b7b33b54_20260317_154806.md
2026-03-17 15:48:07,014 - Orchestrator - INFO - Item type: inbox_item, status: pending
2026-03-17 15:48:07,070 - Orchestrator - INFO - Completed processing: INBOX_b7b33b54_20260317_154806.md
2026-03-17 15:48:07,071 - Orchestrator - INFO - Processing: INBOX_9e94d3a1_20260317_154806.md
2026-03-17 15:48:07,118 - Orchestrator - INFO - Item type: inbox_item, status: pending
2026-03-17 15:48:07,169 - Orchestrator - INFO - Completed processing: INBOX_9e94d3a1_20260317_154806.md
2026-03-17 15:48:37,183 - Orchestrator - INFO - Dashboard updated
2026-03-17 15:48:37,196 - Orchestrator - INFO - Moved Ayaan.md from Inbox to Needs_Action
2026-03-17 15:48:37,209 - Orchestrator - INFO - Moved email_test.md from Inbox to Needs_Action
2026-03-17 15:48:37,212 - Orchestrator - INFO - Found 2 pending item(s)
2026-03-17 15:48:37,213 - Orchestrator - INFO - Processing: INBOX_b7b33b54_20260317_154837.md
2026-03-17 15:48:37,292 - Orchestrator - INFO - Item type: inbox_item, status: pending
2026-03-17 15:48:37,345 - Orchestrator - INFO - Completed processing: INBOX_b7b33b54_20260317_154837.md
2026-03-17 15:48:37,346 - Orchestrator - INFO - Processing: INBOX_9e94d3a1_20260317_154837.md
2026-03-17 15:48:37,408 - Orchestrator - INFO - Item type: inbox_item, status: pending
2026-03-17 15:48:37,455 - Orchestrator - INFO - Completed processing: INBOX_9e94d3a1_20260317_154837.md
2026-03-17 15:49:07,469 - Orchestrator - INFO - Dashboard updated
2026-03-17 15:49:07,485 - Orchestrator - INFO - Moved Ayaan.md from Inbox to Needs_Action
2026-03-17 15:49:07,499 - Orchestrator - INFO - Moved email_test.md from Inbox to Needs_Action
2026-03-17 15:49:07,504 - Orchestrator - INFO - Found 2 pending item(s)
2026-03-17 15:49:07,505 - Orchestrator - INFO - Processing: INBOX_b7b33b54_20260317_154907.md
2026-03-17 15:49:07,550 - Orchestrator - INFO - Item type: inbox_item, status: pending
2026-03-17 15:49:07,606 - Orchestrator - INFO - Completed processing: INBOX_b7b33b54_20260317_154907.md
2026-03-17 15:49:07,607 - Orchestrator - INFO - Processing: INBOX_9e94d3a1_20260317_154907.md
2026-03-17 15:49:07,663 - Orchestrator - INFO - Item type: inbox_item, status: pending
2026-03-17 15:49:07,715 - Orchestrator - INFO - Completed processing: INBOX_9e94d3a1_20260317_154907.md
2026-03-17 15:49:37,728 - Orchestrator - INFO - Dashboard updated
2026-03-17 15:49:37,740 - Orchestrator - INFO - Moved Ayaan.md from Inbox to Needs_Action
2026-03-17 15:49:37,762 - Orchestrator - INFO - Moved email_test.md from Inbox to Needs_Action
2026-03-17 15:49:37,766 - Orchestrator - INFO - Found 2 pending item(s)
2026-03-17 15:49:37,767 - Orchestrator - INFO - Processing: INBOX_b7b33b54_20260317_154937.md
2026-03-17 15:49:37,838 - Orchestrator - INFO - Item type: inbox_item, status: pending
2026-03-17 15:49:37,902 - Orchestrator - INFO - Completed processing: INBOX_b7b33b54_20260317_154937.md
2026-03-17 15:49:37,903 - Orchestrator - INFO - Processing: INBOX_9e94d3a1_20260317_154937.md
2026-03-17 15:49:37,953 - Orchestrator - INFO - Item type: inbox_item, status: pending
2026-03-17 15:49:38,005 - Orchestrator - INFO - Completed processing: INBOX_9e94d3a1_20260317_154937.md
2026-03-17 15:50:08,017 - Orchestrator - INFO - Dashboard updated
2026-03-17 15:50:08,032 - Orchestrator - INFO - Moved Ayaan.md from Inbox to Needs_Action
2026-03-17 15:50:08,046 - Orchestrator - INFO - Moved email_test.md from Inbox to Needs_Action
2026-03-17 15:50:08,051 - Orchestrator - INFO - Found 2 pending item(s)
2026-03-17 15:50:08,053 - Orchestrator - INFO - Processing: INBOX_b7b33b54_20260317_155008.md
2026-03-17 15:50:08,094 - Orchestrator - INFO - Item type: inbox_item, status: pending
2026-03-17 15:50:08,143 - Orchestrator - INFO - Completed processing: INBOX_b7b33b54_20260317_155008.md
2026-03-17 15:50:08,144 - Orchestrator - INFO - Processing: INBOX_9e94d3a1_20260317_155008.md
2026-03-17 15:50:08,190 - Orchestrator - INFO - Item type: inbox_item, status: pending
2026-03-17 15:50:08,242 - Orchestrator - INFO - Completed processing: INBOX_9e94d3a1_20260317_155008.md
2026-03-17 15:50:38,255 - Orchestrator - INFO - Dashboard updated
2026-03-17 15:50:38,269 - Orchestrator - INFO - Moved Ayaan.md from Inbox to Needs_Action
2026-03-17 15:50:38,281 - Orchestrator - INFO - Moved email_test.md from Inbox to Needs_Action
2026-03-17 15:50:38,285 - Orchestrator - INFO - Found 2 pending item(s)
2026-03-17 15:50:38,287 - Orchestrator - INFO - Processing: INBOX_b7b33b54_20260317_155038.md
2026-03-17 15:50:38,354 - Orchestrator - INFO - Item type: inbox_item, status: pending
2026-03-17 15:50:38,410 - Orchestrator - INFO - Completed processing: INBOX_b7b33b54_20260317_155038.md
2026-03-17 15:50:38,412 - Orchestrator - INFO - Processing: INBOX_9e94d3a1_20260317_155038.md
2026-03-17 15:50:38,457 - Orchestrator - INFO - Item type: inbox_item, status: pending
2026-03-17 15:50:38,524 - Orchestrator - INFO - Completed processing: INBOX_9e94d3a1_20260317_155038.md
2026-03-17 15:51:08,538 - Orchestrator - INFO - Dashboard updated
2026-03-17 15:51:08,566 - Orchestrator - INFO - Moved Ayaan.md from Inbox to Needs_Action
2026-03-17 15:51:08,581 - Orchestrator - INFO - Moved email_test.md from Inbox to Needs_Action
2026-03-17 15:51:08,586 - Orchestrator - INFO - Found 2 pending item(s)
2026-03-17 15:51:08,587 - Orchestrator - INFO - Processing: INBOX_b7b33b54_20260317_155108.md
2026-03-17 15:51:08,632 - Orchestrator - INFO - Item type: inbox_item, status: pending
2026-03-17 15:51:08,684 - Orchestrator - INFO - Completed processing: INBOX_b7b33b54_20260317_155108.md
2026-03-17 15:51:08,685 - Orchestrator - INFO - Processing: INBOX_9e94d3a1_20260317_155108.md
2026-03-17 15:51:08,728 - Orchestrator - INFO - Item type: inbox_item, status: pending
2026-03-17 15:51:08,780 - Orchestrator - INFO - Completed processing: INBOX_9e94d3a1_20260317_155108.md
2026-03-17 15:51:38,792 - Orchestrator - INFO - Dashboard updated
2026-03-17 15:51:38,805 - Orchestrator - INFO - Moved Ayaan.md from Inbox to Needs_Action
2026-03-17 15:51:38,816 - Orchestrator - INFO - Moved email_test.md from Inbox to Needs_Action
2026-03-17 15:51:38,819 - Orchestrator - INFO - Found 2 pending item(s)
2026-03-17 15:51:38,820 - Orchestrator - INFO - Processing: INBOX_b7b33b54_20260317_155138.md
2026-03-17 15:51:38,882 - Orchestrator - INFO - Item type: inbox_item, status: pending
2026-03-17 15:51:38,927 - Orchestrator - INFO - Completed processing: INBOX_b7b33b54_20260317_155138.md
2026-03-17 15:51:38,928 - Orchestrator - INFO - Processing: INBOX_9e94d3a1_20260317_155138.md
2026-03-17 15:51:38,969 - Orchestrator - INFO - Item type: inbox_item, status: pending
2026-03-17 15:51:39,002 - Orchestrator - INFO - Completed processing: INBOX_9e94d3a1_20260317_155138.md
2026-03-17 15:52:09,013 - Orchestrator - INFO - Dashboard updated
2026-03-17 15:52:09,025 - Orchestrator - INFO - Moved Ayaan.md from Inbox to Needs_Action
2026-03-17 15:52:09,035 - Orchestrator - INFO - Moved email_test.md from Inbox to Needs_Action
2026-03-17 15:52:09,039 - Orchestrator - INFO - Found 2 pending item(s)
2026-03-17 15:52:09,040 - Orchestrator - INFO - Processing: INBOX_b7b33b54_20260317_155209.md
2026-03-17 15:52:09,075 - Orchestrator - INFO - Item type: inbox_item, status: pending
2026-03-17 15:52:09,121 - Orchestrator - INFO - Completed processing: INBOX_b7b33b54_20260317_155209.md
2026-03-17 15:52:09,122 - Orchestrator - INFO - Processing: INBOX_9e94d3a1_20260317_155209.md
2026-03-17 15:52:09,159 - Orchestrator - INFO - Item type: inbox_item, status: pending
2026-03-17 15:52:09,200 - Orchestrator - INFO - Completed processing: INBOX_9e94d3a1_20260317_155209.md
2026-03-17 15:52:39,213 - Orchestrator - INFO - Dashboard updated
2026-03-17 15:52:39,225 - Orchestrator - INFO - Moved Ayaan.md from Inbox to Needs_Action
2026-03-17 15:52:39,236 - Orchestrator - INFO - Moved email_test.md from Inbox to Needs_Action
2026-03-17 15:52:39,240 - Orchestrator - INFO - Found 2 pending item(s)
2026-03-17 15:52:39,241 - Orchestrator - INFO - Processing: INBOX_b7b33b54_20260317_155239.md
2026-03-17 15:52:39,309 - Orchestrator - INFO - Item type: inbox_item, status: pending
2026-03-17 15:52:39,362 - Orchestrator - INFO - Completed processing: INBOX_b7b33b54_20260317_155239.md
2026-03-17 15:52:39,363 - Orchestrator - INFO - Processing: INBOX_9e94d3a1_20260317_155239.md
2026-03-17 15:52:39,409 - Orchestrator - INFO - Item type: inbox_item, status: pending
2026-03-17 15:52:39,451 - Orchestrator - INFO - Completed processing: INBOX_9e94d3a1_20260317_155239.md
2026-03-17 15:53:09,468 - Orchestrator - INFO - Dashboard updated
2026-03-17 15:53:09,481 - Orchestrator - INFO - Moved Ayaan.md from Inbox to Needs_Action
2026-03-17 15:53:09,497 - Orchestrator - INFO - Moved email_test.md from Inbox to Needs_Action
2026-03-17 15:53:09,501 - Orchestrator - INFO - Found 2 pending item(s)
2026-03-17 15:53:09,502 - Orchestrator - INFO - Processing: INBOX_b7b33b54_20260317_155309.md
2026-03-17 15:53:09,558 - Orchestrator - INFO - Item type: inbox_item, status: pending
2026-03-17 15:53:09,608 - Orchestrator - INFO - Completed processing: INBOX_b7b33b54_20260317_155309.md
2026-03-17 15:53:09,609 - Orchestrator - INFO - Processing: INBOX_9e94d3a1_20260317_155309.md
2026-03-17 15:53:09,652 - Orchestrator - INFO - Item type: inbox_item, status: pending
2026-03-17 15:53:09,737 - Orchestrator - INFO - Completed processing: INBOX_9e94d3a1_20260317_155309.md
2026-03-17 15:53:39,751 - Orchestrator - INFO - Dashboard updated
2026-03-17 15:53:39,764 - Orchestrator - INFO - Moved Ayaan.md from Inbox to Needs_Action
2026-03-17 15:53:39,776 - Orchestrator - INFO - Moved email_test.md from Inbox to Needs_Action
2026-03-17 15:53:39,780 - Orchestrator - INFO - Found 2 pending item(s)
2026-03-17 15:53:39,781 - Orchestrator - INFO - Processing: INBOX_b7b33b54_20260317_155339.md
2026-03-17 15:53:39,841 - Orchestrator - INFO - Item type: inbox_item, status: pending
2026-03-17 15:53:39,896 - Orchestrator - INFO - Completed processing: INBOX_b7b33b54_20260317_155339.md
2026-03-17 15:53:39,897 - Orchestrator - INFO - Processing: INBOX_9e94d3a1_20260317_155339.md
2026-03-17 15:53:39,952 - Orchestrator - INFO - Item type: inbox_item, status: pending
2026-03-17 15:53:39,986 - Orchestrator - INFO - Completed processing: INBOX_9e94d3a1_20260317_155339.md
2026-03-17 15:54:09,997 - Orchestrator - INFO - Dashboard updated
2026-03-17 15:54:10,009 - Orchestrator - INFO - Moved Ayaan.md from Inbox to Needs_Action
2026-03-17 15:54:10,020 - Orchestrator - INFO - Moved email_test.md from Inbox to Needs_Action
2026-03-17 15:54:10,023 - Orchestrator - INFO - Found 2 pending item(s)
2026-03-17 15:54:10,024 - Orchestrator - INFO - Processing: INBOX_b7b33b54_20260317_155410.md
2026-03-17 15:54:10,063 - Orchestrator - INFO - Item type: inbox_item, status: pending
2026-03-17 15:54:10,104 - Orchestrator - INFO - Completed processing: INBOX_b7b33b54_20260317_155410.md
2026-03-17 15:54:10,105 - Orchestrator - INFO - Processing: INBOX_9e94d3a1_20260317_155410.md
2026-03-17 15:54:10,144 - Orchestrator - INFO - Item type: inbox_item, status: pending
2026-03-17 15:54:10,188 - Orchestrator - INFO - Completed processing: INBOX_9e94d3a1_20260317_155410.md
2026-03-17 15:54:40,201 - Orchestrator - INFO - Dashboard updated
2026-03-17 15:54:40,214 - Orchestrator - INFO - Moved Ayaan.md from Inbox to Needs_Action
2026-03-17 15:54:40,224 - Orchestrator - INFO - Moved email_test.md from Inbox to Needs_Action
2026-03-17 15:54:40,227 - Orchestrator - INFO - Found 2 pending item(s)
2026-03-17 15:54:40,228 - Orchestrator - INFO - Processing: INBOX_b7b33b54_20260317_155440.md
2026-03-17 15:54:40,288 - Orchestrator - INFO - Item type: inbox_item, status: pending
2026-03-17 15:54:40,318 - Orchestrator - INFO - Completed processing: INBOX_b7b33b54_20260317_155440.md
2026-03-17 15:54:40,319 - Orchestrator - INFO - Processing: INBOX_9e94d3a1_20260317_155440.md
2026-03-17 15:54:40,347 - Orchestrator - INFO - Item type: inbox_item, status: pending
2026-03-17 15:54:40,375 - Orchestrator - INFO - Completed processing: INBOX_9e94d3a1_20260317_155440.md
2026-03-17 15:55:10,391 - Orchestrator - INFO - Dashboard updated
2026-03-17 15:55:10,402 - Orchestrator - INFO - Moved Ayaan.md from Inbox to Needs_Action
2026-03-17 15:55:10,413 - Orchestrator - INFO - Moved email_test.md from Inbox to Needs_Action
2026-03-17 15:55:10,417 - Orchestrator - INFO - Found 2 pending item(s)
2026-03-17 15:55:10,418 - Orchestrator - INFO - Processing: INBOX_b7b33b54_20260317_155510.md
2026-03-17 15:55:10,463 - Orchestrator - INFO - Item type: inbox_item, status: pending
2026-03-17 15:55:10,502 - Orchestrator - INFO - Completed processing: INBOX_b7b33b54_20260317_155510.md
2026-03-17 15:55:10,503 - Orchestrator - INFO - Processing: INBOX_9e94d3a1_20260317_155510.md
2026-03-17 15:55:10,538 - Orchestrator - INFO - Item type: inbox_item, status: pending
2026-03-17 15:55:10,570 - Orchestrator - INFO - Completed processing: INBOX_9e94d3a1_20260317_155510.md
2026-03-17 15:55:24,686 - Orchestrator - INFO - Orchestrator stopped by user
2026-03-17 16:01:14,546 - Orchestrator - INFO - Running single orchestration cycle
2026-03-17 16:01:14,556 - Orchestrator - INFO - Dashboard updated
2026-03-17 16:01:14,620 - Orchestrator - INFO - Moved Ayaan.md from Inbox to Needs_Action
2026-03-17 16:01:14,646 - Orchestrator - INFO - Moved email_test.md from Inbox to Needs_Action
2026-03-17 16:01:14,653 - Orchestrator - INFO - Found 27 pending item(s)
2026-03-17 16:01:14,653 - Orchestrator - INFO - Processing: INBOX_e3b0c442_20260317_154636.md
2026-03-17 16:01:14,673 - Orchestrator - INFO - Item type: inbox_item, status: pending
2026-03-17 16:01:14,721 - Orchestrator - INFO - Completed processing: INBOX_e3b0c442_20260317_154636.md
2026-03-17 16:01:14,721 - Orchestrator - INFO - Processing: INBOX_b7b33b54_20260317_154907.md
2026-03-17 16:01:14,740 - Orchestrator - INFO - Item type: inbox_item, status: pending
2026-03-17 16:01:14,767 - Orchestrator - INFO - Completed processing: INBOX_b7b33b54_20260317_154907.md
2026-03-17 16:01:14,768 - Orchestrator - INFO - Processing: INBOX_b7b33b54_20260317_154937.md
2026-03-17 16:01:14,785 - Orchestrator - INFO - Item type: inbox_item, status: pending
2026-03-17 16:01:14,807 - Orchestrator - INFO - Completed processing: INBOX_b7b33b54_20260317_154937.md
2026-03-17 16:01:14,808 - Orchestrator - INFO - Processing: FILE_729b672b_20260316_020443.md
2026-03-17 16:01:14,828 - Orchestrator - INFO - Item type: file_drop, status: pending
2026-03-17 16:01:14,858 - Orchestrator - INFO - Completed processing: FILE_729b672b_20260316_020443.md
2026-03-17 16:01:14,859 - Orchestrator - INFO - Processing: INBOX_b7b33b54_20260317_155008.md
2026-03-17 16:01:14,884 - Orchestrator - INFO - Item type: inbox_item, status: pending
2026-03-17 16:01:14,911 - Orchestrator - INFO - Completed processing: INBOX_b7b33b54_20260317_155008.md
2026-03-17 16:01:14,912 - Orchestrator - INFO - Processing: INBOX_b7b33b54_20260317_155038.md
2026-03-17 16:01:14,929 - Orchestrator - INFO - Item type: inbox_item, status: pending
2026-03-17 16:01:14,954 - Orchestrator - INFO - Completed processing: INBOX_b7b33b54_20260317_155038.md
2026-03-17 16:01:14,955 - Orchestrator - INFO - Processing: INBOX_9e94d3a1_20260317_155038.md
2026-03-17 16:01:14,977 - Orchestrator - INFO - Item type: inbox_item, status: pending
2026-03-17 16:01:15,004 - Orchestrator - INFO - Completed processing: INBOX_9e94d3a1_20260317_155038.md
2026-03-17 16:01:15,004 - Orchestrator - INFO - Processing: INBOX_b7b33b54_20260317_155108.md
2026-03-17 16:01:15,022 - Orchestrator - INFO - Item type: inbox_item, status: pending
2026-03-17 16:01:15,038 - Orchestrator - INFO - Completed processing: INBOX_b7b33b54_20260317_155108.md
2026-03-17 16:01:15,039 - Orchestrator - INFO - Processing: INBOX_9e94d3a1_20260317_155108.md
2026-03-17 16:01:15,055 - Orchestrator - INFO - Item type: inbox_item, status: pending
2026-03-17 16:01:15,072 - Orchestrator - INFO - Completed processing: INBOX_9e94d3a1_20260317_155108.md
2026-03-17 16:01:15,073 - Orchestrator - INFO - Processing: INBOX_b7b33b54_20260317_155138.md
2026-03-17 16:01:15,093 - Orchestrator - INFO - Item type: inbox_item, status: pending
2026-03-17 16:01:15,114 - Orchestrator - INFO - Completed processing: INBOX_b7b33b54_20260317_155138.md
2026-03-17 16:01:15,115 - Orchestrator - INFO - Processing: INBOX_9e94d3a1_20260317_155138.md
2026-03-17 16:01:15,134 - Orchestrator - INFO - Item type: inbox_item, status: pending
2026-03-17 16:01:15,155 - Orchestrator - INFO - Completed processing: INBOX_9e94d3a1_20260317_155138.md
2026-03-17 16:01:15,155 - Orchestrator - INFO - Processing: INBOX_b7b33b54_20260317_155209.md
2026-03-17 16:01:15,175 - Orchestrator - INFO - Item type: inbox_item, status: pending
2026-03-17 16:01:15,203 - Orchestrator - INFO - Completed processing: INBOX_b7b33b54_20260317_155209.md
2026-03-17 16:01:15,204 - Orchestrator - INFO - Processing: INBOX_9e94d3a1_20260317_155209.md
2026-03-17 16:01:15,224 - Orchestrator - INFO - Item type: inbox_item, status: pending
2026-03-17 16:01:15,249 - Orchestrator - INFO - Completed processing: INBOX_9e94d3a1_20260317_155209.md
2026-03-17 16:01:15,250 - Orchestrator - INFO - Processing: INBOX_b7b33b54_20260317_155239.md
2026-03-17 16:01:15,268 - Orchestrator - INFO - Item type: inbox_item, status: pending
2026-03-17 16:01:15,297 - Orchestrator - INFO - Completed processing: INBOX_b7b33b54_20260317_155239.md
2026-03-17 16:01:15,298 - Orchestrator - INFO - Processing: INBOX_9e94d3a1_20260317_155239.md
2026-03-17 16:01:15,324 - Orchestrator - INFO - Item type: inbox_item, status: pending
2026-03-17 16:01:15,348 - Orchestrator - INFO - Completed processing: INBOX_9e94d3a1_20260317_155239.md
2026-03-17 16:01:15,349 - Orchestrator - INFO - Processing: INBOX_b7b33b54_20260317_155309.md
2026-03-17 16:01:15,367 - Orchestrator - INFO - Item type: inbox_item, status: pending
2026-03-17 16:01:15,388 - Orchestrator - INFO - Completed processing: INBOX_b7b33b54_20260317_155309.md
2026-03-17 16:01:15,389 - Orchestrator - INFO - Processing: INBOX_9e94d3a1_20260317_155309.md
2026-03-17 16:01:15,409 - Orchestrator - INFO - Item type: inbox_item, status: pending
2026-03-17 16:01:15,429 - Orchestrator - INFO - Completed processing: INBOX_9e94d3a1_20260317_155309.md
2026-03-17 16:01:15,430 - Orchestrator - INFO - Processing: INBOX_b7b33b54_20260317_155339.md
2026-03-17 16:01:15,447 - Orchestrator - INFO - Item type: inbox_item, status: pending
2026-03-17 16:01:15,467 - Orchestrator - INFO - Completed processing: INBOX_b7b33b54_20260317_155339.md
2026-03-17 16:01:15,467 - Orchestrator - INFO - Processing: INBOX_9e94d3a1_20260317_155339.md
2026-03-17 16:01:15,483 - Orchestrator - INFO - Item type: inbox_item, status: pending
2026-03-17 16:01:15,502 - Orchestrator - INFO - Completed processing: INBOX_9e94d3a1_20260317_155339.md
2026-03-17 16:01:15,502 - Orchestrator - INFO - Processing: INBOX_b7b33b54_20260317_155410.md
2026-03-17 16:01:15,517 - Orchestrator - INFO - Item type: inbox_item, status: pending
2026-03-17 16:01:15,534 - Orchestrator - INFO - Completed processing: INBOX_b7b33b54_20260317_155410.md
2026-03-17 16:01:15,534 - Orchestrator - INFO - Processing: INBOX_9e94d3a1_20260317_155410.md
2026-03-17 16:01:15,551 - Orchestrator - INFO - Item type: inbox_item, status: pending
2026-03-17 16:01:15,574 - Orchestrator - INFO - Completed processing: INBOX_9e94d3a1_20260317_155410.md
2026-03-17 16:01:15,574 - Orchestrator - INFO - Processing: INBOX_b7b33b54_20260317_155440.md
2026-03-17 16:01:15,592 - Orchestrator - INFO - Item type: inbox_item, status: pending
2026-03-17 16:01:15,620 - Orchestrator - INFO - Completed processing: INBOX_b7b33b54_20260317_155440.md
2026-03-17 16:01:15,620 - Orchestrator - INFO - Processing: INBOX_9e94d3a1_20260317_155440.md
2026-03-17 16:01:15,647 - Orchestrator - INFO - Item type: inbox_item, status: pending
2026-03-17 16:01:15,676 - Orchestrator - INFO - Completed processing: INBOX_9e94d3a1_20260317_155440.md
2026-03-17 16:01:15,677 - Orchestrator - INFO - Processing: INBOX_b7b33b54_20260317_155510.md
2026-03-17 16:01:15,707 - Orchestrator - INFO - Item type: inbox_item, status: pending
2026-03-17 16:01:15,744 - Orchestrator - INFO - Completed processing: INBOX_b7b33b54_20260317_155510.md
2026-03-17 16:01:15,745 - Orchestrator - INFO - Processing: INBOX_9e94d3a1_20260317_155510.md
2026-03-17 16:01:15,771 - Orchestrator - INFO - Item type: inbox_item, status: pending
2026-03-17 16:01:15,805 - Orchestrator - INFO - Completed processing: INBOX_9e94d3a1_20260317_155510.md
2026-03-17 16:01:15,805 - Orchestrator - INFO - Processing: INBOX_b7b33b54_20260317_160114.md
2026-03-17 16:01:15,807 - Orchestrator - INFO - Item type: inbox_item, status: pending
2026-03-17 16:01:15,842 - Orchestrator - INFO - Completed processing: INBOX_b7b33b54_20260317_160114.md
2026-03-17 16:01:15,843 - Orchestrator - INFO - Processing: INBOX_9e94d3a1_20260317_160114.md
2026-03-17 16:01:15,844 - Orchestrator - INFO - Item type: inbox_item, status: pending
2026-03-17 16:01:15,880 - Orchestrator - INFO - Completed processing: INBOX_9e94d3a1_20260317_160114.md
2026-03-17 16:05:04,511 - Orchestrator - INFO - Starting Orchestrator
2026-03-17 16:05:04,512 - Orchestrator - INFO - Vault path: C:\Users\pc\Desktop\desktop-tutorial\Hackathon-0--Personal-AI-Employee--Building-Autonomous--FTEs--Bronze-Tier--\AI_Employee_Vault
2026-03-17 16:05:04,512 - Orchestrator - INFO - Check interval: 30 seconds
2026-03-17 16:05:04,517 - Orchestrator - INFO - Dashboard updated
2026-03-17 16:05:04,541 - Orchestrator - INFO - Dashboard updated
2026-03-17 16:05:04,580 - Orchestrator - INFO - Moved Ayaan.md from Inbox to Needs_Action
2026-03-17 16:05:04,587 - Orchestrator - INFO - Moved email_test.md from Inbox to Needs_Action
2026-03-17 16:05:04,591 - Orchestrator - INFO - Found 29 pending item(s)
2026-03-17 16:05:04,591 - Orchestrator - INFO - Processing: INBOX_e3b0c442_20260317_154636.md
2026-03-17 16:05:04,593 - Orchestrator - INFO - Item type: inbox_item, status: pending
2026-03-17 16:05:04,631 - Orchestrator - INFO - Completed processing: INBOX_e3b0c442_20260317_154636.md
2026-03-17 16:05:04,631 - Orchestrator - INFO - Processing: INBOX_b7b33b54_20260317_154907.md
2026-03-17 16:05:04,632 - Orchestrator - INFO - Item type: inbox_item, status: pending
2026-03-17 16:05:04,664 - Orchestrator - INFO - Completed processing: INBOX_b7b33b54_20260317_154907.md
2026-03-17 16:05:04,664 - Orchestrator - INFO - Processing: INBOX_b7b33b54_20260317_154937.md
2026-03-17 16:05:04,665 - Orchestrator - INFO - Item type: inbox_item, status: pending
2026-03-17 16:05:04,693 - Orchestrator - INFO - Completed processing: INBOX_b7b33b54_20260317_154937.md
2026-03-17 16:05:04,695 - Orchestrator - INFO - Processing: FILE_729b672b_20260316_020443.md
2026-03-17 16:05:04,697 - Orchestrator - INFO - Item type: file_drop, status: pending
2026-03-17 16:05:04,727 - Orchestrator - INFO - Completed processing: FILE_729b672b_20260316_020443.md
2026-03-17 16:05:04,728 - Orchestrator - INFO - Processing: INBOX_b7b33b54_20260317_155008.md
2026-03-17 16:05:04,729 - Orchestrator - INFO - Item type: inbox_item, status: pending
2026-03-17 16:05:04,756 - Orchestrator - INFO - Completed processing: INBOX_b7b33b54_20260317_155008.md
2026-03-17 16:05:04,756 - Orchestrator - INFO - Processing: INBOX_b7b33b54_20260317_155038.md
2026-03-17 16:05:04,757 - Orchestrator - INFO - Item type: inbox_item, status: pending
2026-03-17 16:05:04,784 - Orchestrator - INFO - Completed processing: INBOX_b7b33b54_20260317_155038.md
2026-03-17 16:05:04,785 - Orchestrator - INFO - Processing: INBOX_9e94d3a1_20260317_155038.md
2026-03-17 16:05:04,786 - Orchestrator - INFO - Item type: inbox_item, status: pending
2026-03-17 16:05:04,811 - Orchestrator - INFO - Completed processing: INBOX_9e94d3a1_20260317_155038.md
2026-03-17 16:05:04,812 - Orchestrator - INFO - Processing: INBOX_b7b33b54_20260317_155108.md
2026-03-17 16:05:04,814 - Orchestrator - INFO - Item type: inbox_item, status: pending
2026-03-17 16:05:04,843 - Orchestrator - INFO - Completed processing: INBOX_b7b33b54_20260317_155108.md
2026-03-17 16:05:04,843 - Orchestrator - INFO - Processing: INBOX_9e94d3a1_20260317_155108.md
2026-03-17 16:05:04,845 - Orchestrator - INFO - Item type: inbox_item, status: pending
2026-03-17 16:05:04,872 - Orchestrator - INFO - Completed processing: INBOX_9e94d3a1_20260317_155108.md
2026-03-17 16:05:04,872 - Orchestrator - INFO - Processing: INBOX_b7b33b54_20260317_155138.md
2026-03-17 16:05:04,873 - Orchestrator - INFO - Item type: inbox_item, status: pending
2026-03-17 16:05:04,901 - Orchestrator - INFO - Completed processing: INBOX_b7b33b54_20260317_155138.md
2026-03-17 16:05:04,901 - Orchestrator - INFO - Processing: INBOX_9e94d3a1_20260317_155138.md
2026-03-17 16:05:04,902 - Orchestrator - INFO - Item type: inbox_item, status: pending
2026-03-17 16:05:04,931 - Orchestrator - INFO - Completed processing: INBOX_9e94d3a1_20260317_155138.md
2026-03-17 16:05:04,932 - Orchestrator - INFO - Processing: INBOX_b7b33b54_20260317_155209.md
2026-03-17 16:05:04,933 - Orchestrator - INFO - Item type: inbox_item, status: pending
2026-03-17 16:05:04,957 - Orchestrator - INFO - Completed processing: INBOX_b7b33b54_20260317_155209.md
2026-03-17 16:05:04,957 - Orchestrator - INFO - Processing: INBOX_9e94d3a1_20260317_155209.md
2026-03-17 16:05:04,958 - Orchestrator - INFO - Item type: inbox_item, status: pending
2026-03-17 16:05:04,982 - Orchestrator - INFO - Completed processing: INBOX_9e94d3a1_20260317_155209.md
2026-03-17 16:05:04,982 - Orchestrator - INFO - Processing: INBOX_b7b33b54_20260317_155239.md
2026-03-17 16:05:04,983 - Orchestrator - INFO - Item type: inbox_item, status: pending
2026-03-17 16:05:05,015 - Orchestrator - INFO - Completed processing: INBOX_b7b33b54_20260317_155239.md
2026-03-17 16:05:05,016 - Orchestrator - INFO - Processing: INBOX_9e94d3a1_20260317_155239.md
2026-03-17 16:05:05,018 - Orchestrator - INFO - Item type: inbox_item, status: pending
2026-03-17 16:05:05,065 - Orchestrator - INFO - Completed processing: INBOX_9e94d3a1_20260317_155239.md
2026-03-17 16:05:05,065 - Orchestrator - INFO - Processing: INBOX_b7b33b54_20260317_155309.md
2026-03-17 16:05:05,067 - Orchestrator - INFO - Item type: inbox_item, status: pending
2026-03-17 16:05:05,108 - Orchestrator - INFO - Completed processing: INBOX_b7b33b54_20260317_155309.md
2026-03-17 16:05:05,109 - Orchestrator - INFO - Processing: INBOX_9e94d3a1_20260317_155309.md
2026-03-17 16:05:05,111 - Orchestrator - INFO - Item type: inbox_item, status: pending
2026-03-17 16:05:05,144 - Orchestrator - INFO - Completed processing: INBOX_9e94d3a1_20260317_155309.md
2026-03-17 16:05:05,145 - Orchestrator - INFO - Processing: INBOX_b7b33b54_20260317_155339.md
2026-03-17 16:05:05,146 - Orchestrator - INFO - Item type: inbox_item, status: pending
2026-03-17 16:05:05,170 - Orchestrator - INFO - Completed processing: INBOX_b7b33b54_20260317_155339.md
2026-03-17 16:05:05,171 - Orchestrator - INFO - Processing: INBOX_9e94d3a1_20260317_155339.md
2026-03-17 16:05:05,172 - Orchestrator - INFO - Item type: inbox_item, status: pending
2026-03-17 16:05:05,194 - Orchestrator - INFO - Completed processing: INBOX_9e94d3a1_20260317_155339.md
2026-03-17 16:05:05,195 - Orchestrator - INFO - Processing: INBOX_b7b33b54_20260317_155410.md
2026-03-17 16:05:05,197 - Orchestrator - INFO - Item type: inbox_item, status: pending
2026-03-17 16:05:05,226 - Orchestrator - INFO - Completed processing: INBOX_b7b33b54_20260317_155410.md
2026-03-17 16:05:05,227 - Orchestrator - INFO - Processing: INBOX_9e94d3a1_20260317_155410.md
2026-03-17 16:05:05,228 - Orchestrator - INFO - Item type: inbox_item, status: pending
2026-03-17 16:05:05,254 - Orchestrator - INFO - Completed processing: INBOX_9e94d3a1_20260317_155410.md
2026-03-17 16:05:05,254 - Orchestrator - INFO - Processing: INBOX_b7b33b54_20260317_155440.md
2026-03-17 16:05:05,255 - Orchestrator - INFO - Item type: inbox_item, status: pending
2026-03-17 16:05:05,282 - Orchestrator - INFO - Completed processing: INBOX_b7b33b54_20260317_155440.md
2026-03-17 16:05:05,283 - Orchestrator - INFO - Processing: INBOX_9e94d3a1_20260317_155440.md
2026-03-17 16:05:05,284 - Orchestrator - INFO - Item type: inbox_item, status: pending
2026-03-17 16:05:05,314 - Orchestrator - INFO - Completed processing: INBOX_9e94d3a1_20260317_155440.md
2026-03-17 16:05:05,315 - Orchestrator - INFO - Processing: INBOX_b7b33b54_20260317_155510.md
2026-03-17 16:05:05,316 - Orchestrator - INFO - Item type: inbox_item, status: pending
2026-03-17 16:05:05,344 - Orchestrator - INFO - Completed processing: INBOX_b7b33b54_20260317_155510.md
2026-03-17 16:05:05,344 - Orchestrator - INFO - Processing: INBOX_9e94d3a1_20260317_155510.md
2026-03-17 16:05:05,345 - Orchestrator - INFO - Item type: inbox_item, status: pending
2026-03-17 16:05:05,371 - Orchestrator - INFO - Completed processing: INBOX_9e94d3a1_20260317_155510.md
2026-03-17 16:05:05,372 - Orchestrator - INFO - Processing: INBOX_b7b33b54_20260317_160114.md
2026-03-17 16:05:05,373 - Orchestrator - INFO - Item type: inbox_item, status: pending
2026-03-17 16:05:05,401 - Orchestrator - INFO - Completed processing: INBOX_b7b33b54_20260317_160114.md
2026-03-17 16:05:05,401 - Orchestrator - INFO - Processing: INBOX_9e94d3a1_20260317_160114.md
2026-03-17 16:05:05,402 - Orchestrator - INFO - Item type: inbox_item, status: pending
2026-03-17 16:05:05,428 - Orchestrator - INFO - Completed processing: INBOX_9e94d3a1_20260317_160114.md
2026-03-17 16:05:05,428 - Orchestrator - INFO - Processing: INBOX_b7b33b54_20260317_160504.md
2026-03-17 16:05:05,430 - Orchestrator - INFO - Item type: inbox_item, status: pending
2026-03-17 16:05:05,455 - Orchestrator - INFO - Completed processing: INBOX_b7b33b54_20260317_160504.md
2026-03-17 16:05:05,456 - Orchestrator - INFO - Processing: INBOX_9e94d3a1_20260317_160504.md
2026-03-17 16:05:05,456 - Orchestrator - INFO - Item type: inbox_item, status: pending
2026-03-17 16:05:05,480 - Orchestrator - INFO - Completed processing: INBOX_9e94d3a1_20260317_160504.md
2026-03-17 16:05:05,480 - Orchestrator - ERROR - Error in orchestration loop: 'Orchestrator' object has no attribute 'approved'
2026-03-17 16:05:10,103 - Orchestrator - INFO - Orchestrator stopped by user
2026-03-17 16:07:08,291 - Orchestrator - INFO - Running single orchestration cycle
2026-03-17 16:07:08,296 - Orchestrator - INFO - Dashboard updated
2026-03-17 16:10:20,363 - Orchestrator - INFO - Running single orchestration cycle
2026-03-17 16:10:20,371 - Orchestrator - INFO - Dashboard updated
2026-03-17 16:10:20,372 - Orchestrator - ERROR - Error processing inbox file test_email.md: name 'hashlib' is not defined
2026-03-17 16:10:20,373 - Orchestrator - INFO - Found 1 pending item(s)
2026-03-17 16:10:20,373 - Orchestrator - INFO - Processing: FILE_e3b0c442_20260317_161012.md
2026-03-17 16:10:20,374 - Orchestrator - INFO - Item type: file_drop, status: pending
2026-03-17 16:10:20,403 - Orchestrator - INFO - Completed processing: FILE_e3b0c442_20260317_161012.md
2026-03-17 16:11:13,186 - Orchestrator - INFO - Running single orchestration cycle
2026-03-17 16:11:13,193 - Orchestrator - INFO - Dashboard updated
2026-03-17 16:11:13,202 - Orchestrator - INFO - Moved test_email.md from Inbox to Needs_Action
2026-03-17 16:11:13,203 - Orchestrator - INFO - Found 2 pending item(s)
2026-03-17 16:11:13,203 - Orchestrator - INFO - Processing: FILE_e3b0c442_20260317_161012.md
2026-03-17 16:11:13,205 - Orchestrator - INFO - Item type: file_drop, status: pending
2026-03-17 16:11:13,232 - Orchestrator - INFO - Completed processing: FILE_e3b0c442_20260317_161012.md
2026-03-17 16:11:13,232 - Orchestrator - INFO - Processing: INBOX_07bfb0c78166d383_20260317_161113.md
2026-03-17 16:11:13,256 - Orchestrator - INFO - Item type: inbox_item, status: pending
2026-03-17 16:11:13,280 - Orchestrator - INFO - Completed processing: INBOX_07bfb0c78166d383_20260317_161113.md
2026-03-17 16:12:05,551 - Orchestrator - INFO - Running single orchestration cycle
2026-03-17 16:12:05,556 - Orchestrator - INFO - Dashboard updated
2026-03-17 16:12:05,579 - Orchestrator - INFO - Found 2 pending item(s)
2026-03-17 16:12:05,579 - Orchestrator - INFO - Processing: FILE_e3b0c442_20260317_161012.md
2026-03-17 16:12:05,581 - Orchestrator - INFO - Item type: file_drop, status: pending
2026-03-17 16:12:05,602 - Orchestrator - INFO - Completed processing: FILE_e3b0c442_20260317_161012.md
2026-03-17 16:12:05,602 - Orchestrator - INFO - Processing: INBOX_07bfb0c78166d383_20260317_161113.md
2026-03-17 16:12:05,603 - Orchestrator - INFO - Item type: inbox_item, status: pending
2026-03-17 16:12:05,620 - Orchestrator - INFO - Completed processing: INBOX_07bfb0c78166d383_20260317_161113.md
2026-03-17 16:19:37,991 - Orchestrator - INFO - Starting Orchestrator
2026-03-17 16:19:37,991 - Orchestrator - INFO - Vault path: C:\Users\pc\Desktop\desktop-tutorial\Hackathon-0--Personal-AI-Employee--Building-Autonomous--FTEs--Bronze-Tier--\AI_Employee_Vault
2026-03-17 16:19:37,992 - Orchestrator - INFO - Check interval: 30 seconds
2026-03-17 16:19:37,998 - Orchestrator - INFO - Dashboard updated
2026-03-17 16:19:38,032 - Orchestrator - INFO - Dashboard updated
2026-03-17 16:19:38,037 - Orchestrator - INFO - Found 2 pending item(s)
2026-03-17 16:19:38,038 - Orchestrator - INFO - Processing: FILE_e3b0c442_20260317_161012.md
2026-03-17 16:19:38,039 - Orchestrator - INFO - Item type: file_drop, status: pending
2026-03-17 16:19:38,069 - Orchestrator - INFO - Completed processing: FILE_e3b0c442_20260317_161012.md
2026-03-17 16:19:38,070 - Orchestrator - INFO - Processing: INBOX_07bfb0c78166d383_20260317_161113.md
2026-03-17 16:19:38,071 - Orchestrator - INFO - Item type: inbox_item, status: pending
2026-03-17 16:19:38,097 - Orchestrator - INFO - Completed processing: INBOX_07bfb0c78166d383_20260317_161113.md
2026-03-17 16:19:38,098 - Orchestrator - ERROR - Error in orchestration loop: 'Orchestrator' object has no attribute 'approved'
2026-03-17 16:20:08,104 - Orchestrator - INFO - Dashboard updated
2026-03-17 16:20:08,106 - Orchestrator - ERROR - Error in orchestration loop: 'Orchestrator' object has no attribute 'approved'
2026-03-17 16:20:38,113 - Orchestrator - INFO - Dashboard updated
2026-03-17 16:20:38,116 - Orchestrator - ERROR - Error in orchestration loop: 'Orchestrator' object has no attribute 'approved'
2026-03-17 16:21:08,123 - Orchestrator - INFO - Dashboard updated
2026-03-17 16:21:08,126 - Orchestrator - ERROR - Error in orchestration loop: 'Orchestrator' object has no attribute 'approved'
2026-03-17 16:21:38,133 - Orchestrator - INFO - Dashboard updated
2026-03-17 16:21:38,136 - Orchestrator - ERROR - Error in orchestration loop: 'Orchestrator' object has no attribute 'approved'
2026-03-17 16:22:08,144 - Orchestrator - INFO - Dashboard updated
2026-03-17 16:22:08,147 - Orchestrator - ERROR - Error in orchestration loop: 'Orchestrator' object has no attribute 'approved'
2026-03-17 16:22:38,153 - Orchestrator - INFO - Dashboard updated
2026-03-17 16:22:38,157 - Orchestrator - ERROR - Error in orchestration loop: 'Orchestrator' object has no attribute 'approved'
2026-03-17 16:23:08,163 - Orchestrator - INFO - Dashboard updated
2026-03-17 16:23:08,166 - Orchestrator - ERROR - Error in orchestration loop: 'Orchestrator' object has no attribute 'approved'
2026-03-17 16:23:19,547 - Orchestrator - INFO - Running single orchestration cycle
2026-03-17 16:23:19,555 - Orchestrator - INFO - Dashboard updated
2026-03-17 16:23:19,558 - Orchestrator - INFO - Found 2 pending item(s)
2026-03-17 16:23:19,558 - Orchestrator - INFO - Processing: FILE_e3b0c442_20260317_161012.md
2026-03-17 16:23:19,560 - Orchestrator - INFO - Item type: file_drop, status: pending
2026-03-17 16:23:19,588 - Orchestrator - INFO - Completed processing: FILE_e3b0c442_20260317_161012.md
2026-03-17 16:23:19,589 - Orchestrator - INFO - Processing: INBOX_07bfb0c78166d383_20260317_161113.md
2026-03-17 16:23:19,590 - Orchestrator - INFO - Item type: inbox_item, status: pending
2026-03-17 16:23:19,616 - Orchestrator - INFO - Completed processing: INBOX_07bfb0c78166d383_20260317_161113.md
2026-03-17 16:23:34,777 - Orchestrator - INFO - Starting Orchestrator
2026-03-17 16:23:34,778 - Orchestrator - INFO - Vault path: C:\Users\pc\Desktop\desktop-tutorial\Hackathon-0--Personal-AI-Employee--Building-Autonomous--FTEs--Bronze-Tier--\AI_Employee_Vault
2026-03-17 16:23:34,778 - Orchestrator - INFO - Check interval: 30 seconds
2026-03-17 16:23:34,782 - Orchestrator - INFO - Dashboard updated
2026-03-17 16:23:34,803 - Orchestrator - INFO - Dashboard updated
2026-03-17 16:23:34,805 - Orchestrator - INFO - Found 2 pending item(s)
2026-03-17 16:23:34,805 - Orchestrator - INFO - Processing: FILE_e3b0c442_20260317_161012.md
2026-03-17 16:23:34,806 - Orchestrator - INFO - Item type: file_drop, status: pending
2026-03-17 16:23:34,828 - Orchestrator - INFO - Completed processing: FILE_e3b0c442_20260317_161012.md
2026-03-17 16:23:34,829 - Orchestrator - INFO - Processing: INBOX_07bfb0c78166d383_20260317_161113.md
2026-03-17 16:23:34,829 - Orchestrator - INFO - Item type: inbox_item, status: pending
2026-03-17 16:23:34,854 - Orchestrator - INFO - Completed processing: INBOX_07bfb0c78166d383_20260317_161113.md
2026-03-17 16:23:38,174 - Orchestrator - INFO - Dashboard updated
2026-03-17 16:23:38,177 - Orchestrator - ERROR - Error in orchestration loop: 'Orchestrator' object has no attribute 'approved'
2026-03-17 16:23:59,661 - Orchestrator - INFO - Orchestrator stopped by user
2026-03-17 16:24:04,216 - Orchestrator - INFO - Starting Orchestrator
2026-03-17 16:24:04,216 - Orchestrator - INFO - Vault path: C:\Users\pc\Desktop\desktop-tutorial\Hackathon-0--Personal-AI-Employee--Building-Autonomous--FTEs--Bronze-Tier--\AI_Employee_Vault
2026-03-17 16:24:04,217 - Orchestrator - INFO - Check interval: 30 seconds
2026-03-17 16:24:04,223 - Orchestrator - INFO - Dashboard updated
2026-03-17 16:24:04,252 - Orchestrator - INFO - Dashboard updated
2026-03-17 16:24:04,256 - Orchestrator - INFO - Found 2 pending item(s)
2026-03-17 16:24:04,257 - Orchestrator - INFO - Processing: FILE_e3b0c442_20260317_161012.md
2026-03-17 16:24:04,258 - Orchestrator - INFO - Item type: file_drop, status: pending
2026-03-17 16:24:04,286 - Orchestrator - INFO - Completed processing: FILE_e3b0c442_20260317_161012.md
2026-03-17 16:24:04,287 - Orchestrator - INFO - Processing: INBOX_07bfb0c78166d383_20260317_161113.md
2026-03-17 16:24:04,288 - Orchestrator - INFO - Item type: inbox_item, status: pending
2026-03-17 16:24:04,313 - Orchestrator - INFO - Completed processing: INBOX_07bfb0c78166d383_20260317_161113.md
2026-03-17 16:24:04,860 - Orchestrator - INFO - Dashboard updated
2026-03-17 16:24:34,318 - Orchestrator - INFO - Dashboard updated
2026-03-17 16:24:34,867 - Orchestrator - INFO - Dashboard updated
2026-03-17 16:25:04,327 - Orchestrator - INFO - Dashboard updated
2026-03-17 16:25:04,875 - Orchestrator - INFO - Dashboard updated
2026-03-17 16:25:34,334 - Orchestrator - INFO - Dashboard updated
2026-03-17 16:25:34,882 - Orchestrator - INFO - Dashboard updated
2026-03-17 16:26:04,341 - Orchestrator - INFO - Dashboard updated
2026-03-17 16:26:04,887 - Orchestrator - INFO - Dashboard updated
2026-03-17 16:26:34,351 - Orchestrator - INFO - Dashboard updated
2026-03-17 16:26:34,894 - Orchestrator - INFO - Dashboard updated
2026-03-17 16:27:04,359 - Orchestrator - INFO - Dashboard updated
2026-03-17 16:27:04,902 - Orchestrator - INFO - Dashboard updated
2026-03-17 16:27:34,369 - Orchestrator - INFO - Dashboard updated
2026-03-17 16:27:34,908 - Orchestrator - INFO - Dashboard updated
2026-03-17 16:27:43,345 - Orchestrator - INFO - Orchestrator stopped by user
2026-03-17 16:28:04,921 - Orchestrator - INFO - Dashboard updated
2026-03-17 16:28:05,675 - Orchestrator - INFO - Running single orchestration cycle
2026-03-17 16:28:05,684 - Orchestrator - INFO - Dashboard updated
2026-03-17 16:28:05,688 - Orchestrator - INFO - Found 2 pending item(s)
2026-03-17 16:28:05,689 - Orchestrator - INFO - Processing: FILE_e3b0c442_20260317_161012.md
2026-03-17 16:28:05,690 - Orchestrator - INFO - Item type: file_drop, status: pending
2026-03-17 16:28:05,718 - Orchestrator - INFO - Completed processing: FILE_e3b0c442_20260317_161012.md
2026-03-17 16:28:05,718 - Orchestrator - INFO - Processing: INBOX_07bfb0c78166d383_20260317_161113.md
2026-03-17 16:28:05,719 - Orchestrator - INFO - Item type: inbox_item, status: pending
2026-03-17 16:28:05,745 - Orchestrator - INFO - Completed processing: INBOX_07bfb0c78166d383_20260317_161113.md
2026-03-17 16:28:34,931 - Orchestrator - INFO - Dashboard updated
2026-03-17 16:29:04,943 - Orchestrator - INFO - Dashboard updated
2026-03-17 16:29:21,576 - Orchestrator - INFO - Starting Orchestrator
2026-03-17 16:29:21,576 - Orchestrator - INFO - Vault path: C:\Users\pc\Desktop\desktop-tutorial\Hackathon-0--Personal-AI-Employee--Building-Autonomous--FTEs--Bronze-Tier--\AI_Employee_Vault
2026-03-17 16:29:21,576 - Orchestrator - INFO - Check interval: 30 seconds
2026-03-17 16:29:21,582 - Orchestrator - INFO - Dashboard updated
2026-03-17 16:29:21,611 - Orchestrator - INFO - Dashboard updated
2026-03-17 16:29:21,615 - Orchestrator - INFO - Found 2 pending item(s)
2026-03-17 16:29:21,615 - Orchestrator - INFO - Processing: FILE_e3b0c442_20260317_161012.md
2026-03-17 16:29:21,617 - Orchestrator - INFO - Item type: file_drop, status: pending
2026-03-17 16:29:21,645 - Orchestrator - INFO - Completed processing: FILE_e3b0c442_20260317_161012.md
2026-03-17 16:29:21,646 - Orchestrator - INFO - Processing: INBOX_07bfb0c78166d383_20260317_161113.md
2026-03-17 16:29:21,647 - Orchestrator - INFO - Item type: inbox_item, status: pending
2026-03-17 16:29:21,677 - Orchestrator - INFO - Completed processing: INBOX_07bfb0c78166d383_20260317_161113.md
2026-03-17 16:29:34,952 - Orchestrator - INFO - Dashboard updated
2026-03-17 16:29:51,682 - Orchestrator - INFO - Dashboard updated
2026-03-17 16:30:04,958 - Orchestrator - INFO - Dashboard updated
2026-03-17 16:30:21,689 - Orchestrator - INFO - Dashboard updated
2026-03-17 16:30:34,965 - Orchestrator - INFO - Dashboard updated
2026-03-17 16:30:51,700 - Orchestrator - INFO - Dashboard updated
2026-03-17 16:31:04,973 - Orchestrator - INFO - Dashboard updated
2026-03-17 16:31:21,708 - Orchestrator - INFO - Dashboard updated
2026-03-17 16:31:34,983 - Orchestrator - INFO - Dashboard updated
2026-03-17 16:31:51,717 - Orchestrator - INFO - Dashboard updated
2026-03-17 16:32:04,991 - Orchestrator - INFO - Dashboard updated
2026-03-17 16:32:21,725 - Orchestrator - INFO - Dashboard updated
2026-03-17 16:32:34,997 - Orchestrator - INFO - Dashboard updated
2026-03-17 16:32:51,733 - Orchestrator - INFO - Dashboard updated
2026-03-17 16:33:05,004 - Orchestrator - INFO - Dashboard updated
2026-03-17 16:33:21,741 - Orchestrator - INFO - Dashboard updated
2026-03-17 16:33:35,011 - Orchestrator - INFO - Dashboard updated
2026-03-17 16:33:51,749 - Orchestrator - INFO - Dashboard updated
2026-03-17 16:34:05,017 - Orchestrator - INFO - Dashboard updated
2026-03-17 16:34:21,755 - Orchestrator - INFO - Dashboard updated
2026-03-17 16:34:35,023 - Orchestrator - INFO - Dashboard updated
2026-03-17 16:34:51,760 - Orchestrator - INFO - Dashboard updated
2026-03-17 16:35:05,030 - Orchestrator - INFO - Dashboard updated
2026-03-17 16:35:21,766 - Orchestrator - INFO - Dashboard updated
2026-03-17 16:35:35,038 - Orchestrator - INFO - Dashboard updated
2026-03-17 16:35:51,775 - Orchestrator - INFO - Dashboard updated
2026-03-17 16:36:05,044 - Orchestrator - INFO - Dashboard updated
2026-03-17 16:36:21,783 - Orchestrator - INFO - Dashboard updated
2026-03-17 16:36:35,051 - Orchestrator - INFO - Dashboard updated
2026-03-17 16:36:51,791 - Orchestrator - INFO - Dashboard updated
2026-03-17 16:37:05,058 - Orchestrator - INFO - Dashboard updated
2026-03-17 16:37:21,799 - Orchestrator - INFO - Dashboard updated
2026-03-17 16:37:35,064 - Orchestrator - INFO - Dashboard updated
2026-03-17 16:37:51,807 - Orchestrator - INFO - Dashboard updated
2026-03-17 16:38:05,075 - Orchestrator - INFO - Dashboard updated
2026-03-17 16:38:05,087 - Orchestrator - INFO - Moved new_email.md.md from Inbox to Needs_Action
2026-03-17 16:38:05,088 - Orchestrator - INFO - Found 2 pending item(s)
2026-03-17 16:38:05,088 - Orchestrator - INFO - Processing: FILE_e3b0c442_20260317_163755.md
2026-03-17 16:38:05,092 - Orchestrator - INFO - Item type: file_drop, status: pending
2026-03-17 16:38:05,140 - Orchestrator - INFO - Completed processing: FILE_e3b0c442_20260317_163755.md
2026-03-17 16:38:05,140 - Orchestrator - INFO - Processing: INBOX_e3b0c44298fc1c14_20260317_163805.md
2026-03-17 16:38:05,144 - Orchestrator - INFO - Item type: inbox_item, status: pending
2026-03-17 16:38:05,176 - Orchestrator - INFO - Completed processing: INBOX_e3b0c44298fc1c14_20260317_163805.md
2026-03-17 16:38:21,816 - Orchestrator - INFO - Dashboard updated
2026-03-17 16:38:21,860 - Orchestrator - INFO - Moved new_email.md.md from Inbox to Needs_Action
2026-03-17 16:38:21,861 - Orchestrator - INFO - Found 3 pending item(s)
2026-03-17 16:38:21,862 - Orchestrator - INFO - Processing: FILE_e3b0c442_20260317_163755.md
2026-03-17 16:38:21,863 - Orchestrator - INFO - Item type: file_drop, status: pending
2026-03-17 16:38:21,890 - Orchestrator - INFO - Completed processing: FILE_e3b0c442_20260317_163755.md
2026-03-17 16:38:21,890 - Orchestrator - INFO - Processing: INBOX_e3b0c44298fc1c14_20260317_163805.md
2026-03-17 16:38:21,892 - Orchestrator - INFO - Item type: inbox_item, status: pending
2026-03-17 16:38:21,920 - Orchestrator - INFO - Completed processing: INBOX_e3b0c44298fc1c14_20260317_163805.md
2026-03-17 16:38:21,920 - Orchestrator - INFO - Processing: INBOX_b4a3842663bb115d_20260317_163821.md
2026-03-17 16:38:21,921 - Orchestrator - INFO - Item type: inbox_item, status: pending
2026-03-17 16:38:21,950 - Orchestrator - INFO - Completed processing: INBOX_b4a3842663bb115d_20260317_163821.md
2026-03-17 16:38:35,180 - Orchestrator - INFO - Dashboard updated
2026-03-17 16:38:35,201 - Orchestrator - INFO - Found 1 pending item(s)
2026-03-17 16:38:35,201 - Orchestrator - INFO - Processing: INBOX_b4a3842663bb115d_20260317_163821.md
2026-03-17 16:38:35,202 - Orchestrator - INFO - Item type: inbox_item, status: pending
2026-03-17 16:38:35,218 - Orchestrator - INFO - Completed processing: INBOX_b4a3842663bb115d_20260317_163821.md
2026-03-17 16:38:51,953 - Orchestrator - INFO - Dashboard updated
2026-03-17 16:39:05,224 - Orchestrator - INFO - Dashboard updated
2026-03-17 16:39:21,961 - Orchestrator - INFO - Dashboard updated
2026-03-17 16:39:35,232 - Orchestrator - INFO - Dashboard updated
2026-03-17 16:39:51,971 - Orchestrator - INFO - Dashboard updated
2026-03-17 16:40:05,237 - Orchestrator - INFO - Dashboard updated
2026-03-17 16:40:21,980 - Orchestrator - INFO - Dashboard updated
2026-03-17 16:40:35,244 - Orchestrator - INFO - Dashboard updated
2026-03-17 16:40:51,989 - Orchestrator - INFO - Dashboard updated
2026-03-17 16:41:05,253 - Orchestrator - INFO - Dashboard updated
2026-03-17 16:41:22,000 - Orchestrator - INFO - Dashboard updated
2026-03-17 16:41:35,261 - Orchestrator - INFO - Dashboard updated
2026-03-17 16:41:52,011 - Orchestrator - INFO - Dashboard updated
2026-03-17 16:42:05,269 - Orchestrator - INFO - Dashboard updated
2026-03-17 16:42:22,021 - Orchestrator - INFO - Dashboard updated
2026-03-17 16:42:35,278 - Orchestrator - INFO - Dashboard updated
2026-03-17 16:42:52,030 - Orchestrator - INFO - Dashboard updated
2026-03-17 16:43:05,289 - Orchestrator - INFO - Dashboard updated
2026-03-17 16:43:20,568 - Orchestrator - INFO - Orchestrator stopped by user
2026-03-17 16:43:23,348 - Orchestrator - INFO - Starting Orchestrator
2026-03-17 16:43:23,349 - Orchestrator - INFO - Vault path: C:\Users\pc\Desktop\desktop-tutorial\Hackathon-0--Personal-AI-Employee--Building-Autonomous--FTEs--Bronze-Tier--\AI_Employee_Vault
2026-03-17 16:43:23,349 - Orchestrator - INFO - Check interval: 30 seconds
2026-03-17 16:43:23,357 - Orchestrator - INFO - Dashboard updated
2026-03-17 16:43:23,386 - Orchestrator - INFO - Dashboard updated
2026-03-17 16:43:23,390 - Orchestrator - INFO - Found 3 pending item(s)
2026-03-17 16:43:23,391 - Orchestrator - INFO - Processing: FILE_e3b0c442_20260317_163755.md
2026-03-17 16:43:23,393 - Orchestrator - INFO - Item type: file_drop, status: pending
2026-03-17 16:43:23,420 - Orchestrator - INFO - Completed processing: FILE_e3b0c442_20260317_163755.md
2026-03-17 16:43:23,421 - Orchestrator - INFO - Processing: INBOX_e3b0c44298fc1c14_20260317_163805.md
2026-03-17 16:43:23,422 - Orchestrator - INFO - Item type: inbox_item, status: pending
2026-03-17 16:43:23,451 - Orchestrator - INFO - Completed processing: INBOX_e3b0c44298fc1c14_20260317_163805.md
2026-03-17 16:43:23,452 - Orchestrator - INFO - Processing: INBOX_b4a3842663bb115d_20260317_163821.md
2026-03-17 16:43:23,453 - Orchestrator - INFO - Item type: inbox_item, status: pending
2026-03-17 16:43:23,480 - Orchestrator - INFO - Completed processing: INBOX_b4a3842663bb115d_20260317_163821.md
2026-03-17 16:43:35,299 - Orchestrator - INFO - Dashboard updated
2026-03-17 16:43:53,485 - Orchestrator - INFO - Dashboard updated
2026-03-17 16:43:53,489 - Orchestrator - INFO - Found 1 pending item(s)
2026-03-17 16:43:53,490 - Orchestrator - INFO - Processing: FILE_e3b0c442_20260317_164350.md
2026-03-17 16:43:53,492 - Orchestrator - INFO - Item type: file_drop, status: pending
2026-03-17 16:43:53,532 - Orchestrator - INFO - Completed processing: FILE_e3b0c442_20260317_164350.md
2026-03-17 16:44:05,308 - Orchestrator - INFO - Dashboard updated
2026-03-17 16:44:05,311 - Orchestrator - INFO - Found 1 pending item(s)
2026-03-17 16:44:05,311 - Orchestrator - INFO - Processing: FILE_e3b0c442_20260317_164350.md
2026-03-17 16:44:05,312 - Orchestrator - INFO - Item type: file_drop, status: pending
2026-03-17 16:44:05,341 - Orchestrator - INFO - Completed processing: FILE_e3b0c442_20260317_164350.md
2026-03-17 16:44:23,539 - Orchestrator - INFO - Dashboard updated
2026-03-17 16:44:35,347 - Orchestrator - INFO - Dashboard updated
2026-03-17 16:44:53,548 - Orchestrator - INFO - Dashboard updated
2026-03-17 16:45:05,356 - Orchestrator - INFO - Dashboard updated
2026-03-17 16:45:23,560 - Orchestrator - INFO - Dashboard updated
2026-03-17 16:45:35,364 - Orchestrator - INFO - Dashboard updated
2026-03-17 16:45:53,572 - Orchestrator - INFO - Dashboard updated
2026-03-17 16:46:05,373 - Orchestrator - INFO - Dashboard updated
2026-03-17 16:46:23,583 - Orchestrator - INFO - Dashboard updated
2026-03-17 16:46:35,381 - Orchestrator - INFO - Dashboard updated
2026-03-17 16:46:53,592 - Orchestrator - INFO - Dashboard updated
2026-03-17 16:47:05,388 - Orchestrator - INFO - Dashboard updated
2026-03-17 16:47:23,602 - Orchestrator - INFO - Dashboard updated
2026-03-17 16:47:35,396 - Orchestrator - INFO - Dashboard updated
2026-03-17 16:47:53,611 - Orchestrator - INFO - Dashboard updated
2026-03-17 16:48:05,404 - Orchestrator - INFO - Dashboard updated
2026-03-17 16:48:23,621 - Orchestrator - INFO - Dashboard updated
2026-03-17 16:48:35,411 - Orchestrator - INFO - Dashboard updated
2026-03-17 16:48:53,630 - Orchestrator - INFO - Dashboard updated
2026-03-17 16:49:05,418 - Orchestrator - INFO - Dashboard updated
2026-03-17 16:49:23,638 - Orchestrator - INFO - Dashboard updated
2026-03-17 16:49:35,425 - Orchestrator - INFO - Dashboard updated
2026-03-17 16:49:53,647 - Orchestrator - INFO - Dashboard updated
2026-03-17 16:50:05,430 - Orchestrator - INFO - Dashboard updated
2026-03-17 16:50:23,654 - Orchestrator - INFO - Dashboard updated
2026-03-17 16:50:35,437 - Orchestrator - INFO - Dashboard updated
2026-03-17 16:50:53,661 - Orchestrator - INFO - Dashboard updated
2026-03-17 16:51:05,445 - Orchestrator - INFO - Dashboard updated
2026-03-17 16:51:23,669 - Orchestrator - INFO - Dashboard updated
2026-03-17 16:51:35,451 - Orchestrator - INFO - Dashboard updated
2026-03-17 16:51:53,677 - Orchestrator - INFO - Dashboard updated
2026-03-17 16:52:05,458 - Orchestrator - INFO - Dashboard updated
2026-03-17 16:52:23,687 - Orchestrator - INFO - Dashboard updated
2026-03-17 16:52:35,465 - Orchestrator - INFO - Dashboard updated
2026-03-17 16:52:53,696 - Orchestrator - INFO - Dashboard updated
2026-03-17 16:53:05,472 - Orchestrator - INFO - Dashboard updated
2026-03-17 16:53:23,704 - Orchestrator - INFO - Dashboard updated
2026-03-17 16:53:35,480 - Orchestrator - INFO - Dashboard updated
2026-03-17 16:53:53,717 - Orchestrator - INFO - Dashboard updated
2026-03-17 16:54:05,493 - Orchestrator - INFO - Dashboard updated
2026-03-17 16:54:23,735 - Orchestrator - INFO - Dashboard updated
2026-03-17 16:54:35,518 - Orchestrator - INFO - Dashboard updated
2026-03-17 16:54:53,751 - Orchestrator - INFO - Dashboard updated
2026-03-17 16:55:05,531 - Orchestrator - INFO - Dashboard updated
2026-03-17 16:55:23,761 - Orchestrator - INFO - Dashboard updated
2026-03-17 16:55:35,540 - Orchestrator - INFO - Dashboard updated
2026-03-17 16:55:53,770 - Orchestrator - INFO - Dashboard updated
2026-03-17 16:56:05,548 - Orchestrator - INFO - Dashboard updated
2026-03-17 16:56:23,778 - Orchestrator - INFO - Dashboard updated
2026-03-17 16:56:35,556 - Orchestrator - INFO - Dashboard updated
2026-03-17 16:56:53,789 - Orchestrator - INFO - Dashboard updated
2026-03-17 16:57:05,564 - Orchestrator - INFO - Dashboard updated
2026-03-17 16:57:23,799 - Orchestrator - INFO - Dashboard updated
2026-03-17 16:57:35,572 - Orchestrator - INFO - Dashboard updated
2026-03-17 16:57:53,808 - Orchestrator - INFO - Dashboard updated
2026-03-17 16:58:05,585 - Orchestrator - INFO - Dashboard updated
2026-03-17 16:58:23,821 - Orchestrator - INFO - Dashboard updated
2026-03-17 16:58:35,599 - Orchestrator - INFO - Dashboard updated
2026-03-17 16:58:53,831 - Orchestrator - INFO - Dashboard updated
2026-03-17 16:59:05,607 - Orchestrator - INFO - Dashboard updated
2026-03-17 16:59:23,841 - Orchestrator - INFO - Dashboard updated
2026-03-17 16:59:35,615 - Orchestrator - INFO - Dashboard updated
2026-03-17 16:59:53,851 - Orchestrator - INFO - Dashboard updated
2026-03-17 17:00:05,622 - Orchestrator - INFO - Dashboard updated
2026-03-17 17:00:23,860 - Orchestrator - INFO - Dashboard updated
2026-03-17 17:00:35,629 - Orchestrator - INFO - Dashboard updated
2026-03-17 17:00:53,869 - Orchestrator - INFO - Dashboard updated
2026-03-17 17:01:05,640 - Orchestrator - INFO - Dashboard updated
2026-03-17 17:01:23,878 - Orchestrator - INFO - Dashboard updated
2026-03-17 17:01:35,646 - Orchestrator - INFO - Dashboard updated
2026-03-17 17:01:53,888 - Orchestrator - INFO - Dashboard updated
2026-03-17 17:02:05,653 - Orchestrator - INFO - Dashboard updated
2026-03-17 17:02:23,896 - Orchestrator - INFO - Dashboard updated
2026-03-17 17:02:35,660 - Orchestrator - INFO - Dashboard updated
2026-03-17 17:02:53,905 - Orchestrator - INFO - Dashboard updated
2026-03-17 17:03:05,668 - Orchestrator - INFO - Dashboard updated
2026-03-17 17:05:26,125 - Orchestrator - INFO - Dashboard updated
2026-03-17 17:05:26,230 - Orchestrator - INFO - Dashboard updated
2026-03-17 17:05:56,132 - Orchestrator - INFO - Dashboard updated
2026-03-17 17:05:56,275 - Orchestrator - INFO - Dashboard updated
2026-03-17 17:06:26,142 - Orchestrator - INFO - Dashboard updated
2026-03-17 17:06:26,284 - Orchestrator - INFO - Dashboard updated
2026-03-17 17:06:56,157 - Orchestrator - INFO - Dashboard updated
2026-03-17 17:06:56,294 - Orchestrator - INFO - Dashboard updated
2026-03-17 17:07:26,166 - Orchestrator - INFO - Dashboard updated
2026-03-17 17:07:26,303 - Orchestrator - INFO - Dashboard updated
2026-03-17 17:07:56,176 - Orchestrator - INFO - Dashboard updated
2026-03-17 17:07:56,312 - Orchestrator - INFO - Dashboard updated
2026-03-17 17:08:26,185 - Orchestrator - INFO - Dashboard updated
2026-03-17 17:08:26,322 - Orchestrator - INFO - Dashboard updated
2026-03-17 17:08:56,193 - Orchestrator - INFO - Dashboard updated
2026-03-17 17:08:56,331 - Orchestrator - INFO - Dashboard updated
2026-03-17 17:09:26,204 - Orchestrator - INFO - Dashboard updated
2026-03-17 17:09:26,340 - Orchestrator - INFO - Dashboard updated
2026-03-17 17:09:56,213 - Orchestrator - INFO - Dashboard updated
2026-03-17 17:09:56,350 - Orchestrator - INFO - Dashboard updated
2026-03-17 17:10:26,222 - Orchestrator - INFO - Dashboard updated
2026-03-17 17:10:26,359 - Orchestrator - INFO - Dashboard updated
2026-03-17 17:10:56,230 - Orchestrator - INFO - Dashboard updated
2026-03-17 17:10:56,368 - Orchestrator - INFO - Dashboard updated
2026-03-17 17:11:26,236 - Orchestrator - INFO - Dashboard updated
2026-03-17 17:11:26,376 - Orchestrator - INFO - Dashboard updated
2026-03-17 17:11:56,243 - Orchestrator - INFO - Dashboard updated
2026-03-17 17:11:56,384 - Orchestrator - INFO - Dashboard updated
2026-03-17 17:12:26,251 - Orchestrator - INFO - Dashboard updated
2026-03-17 17:12:26,394 - Orchestrator - INFO - Dashboard updated
2026-03-17 17:12:56,261 - Orchestrator - INFO - Dashboard updated
2026-03-17 17:12:56,405 - Orchestrator - INFO - Dashboard updated
2026-03-17 17:13:26,271 - Orchestrator - INFO - Dashboard updated
2026-03-17 17:13:26,418 - Orchestrator - INFO - Dashboard updated
2026-03-17 17:13:56,291 - Orchestrator - INFO - Dashboard updated
2026-03-17 17:13:56,430 - Orchestrator - INFO - Dashboard updated
2026-03-17 17:14:26,303 - Orchestrator - INFO - Dashboard updated
2026-03-17 17:14:26,467 - Orchestrator - INFO - Dashboard updated
2026-03-17 17:14:56,310 - Orchestrator - INFO - Dashboard updated
2026-03-17 17:14:56,476 - Orchestrator - INFO - Dashboard updated
2026-03-17 17:15:26,328 - Orchestrator - INFO - Dashboard updated
2026-03-17 17:15:26,489 - Orchestrator - INFO - Dashboard updated
2026-03-17 17:57:05,513 - Orchestrator - INFO - Dashboard updated
2026-03-17 17:57:05,674 - Orchestrator - INFO - Dashboard updated
2026-03-17 17:57:35,522 - Orchestrator - INFO - Dashboard updated
2026-03-17 17:57:35,686 - Orchestrator - INFO - Dashboard updated
2026-03-17 17:58:05,532 - Orchestrator - INFO - Dashboard updated
2026-03-17 17:58:05,695 - Orchestrator - INFO - Dashboard updated
2026-03-17 17:58:35,546 - Orchestrator - INFO - Dashboard updated
2026-03-17 17:58:35,703 - Orchestrator - INFO - Dashboard updated
2026-03-17 17:59:05,554 - Orchestrator - INFO - Dashboard updated
2026-03-17 17:59:05,711 - Orchestrator - INFO - Dashboard updated
2026-03-17 17:59:35,574 - Orchestrator - INFO - Dashboard updated
2026-03-17 17:59:35,720 - Orchestrator - INFO - Dashboard updated
2026-03-17 18:00:05,595 - Orchestrator - INFO - Dashboard updated
2026-03-17 18:00:05,729 - Orchestrator - INFO - Dashboard updated
2026-03-17 18:00:35,615 - Orchestrator - INFO - Dashboard updated
2026-03-17 18:00:35,738 - Orchestrator - INFO - Dashboard updated
2026-03-17 18:01:05,627 - Orchestrator - INFO - Dashboard updated
2026-03-17 18:01:05,747 - Orchestrator - INFO - Dashboard updated
2026-03-17 18:01:35,638 - Orchestrator - INFO - Dashboard updated
2026-03-17 18:01:35,757 - Orchestrator - INFO - Dashboard updated
2026-03-17 18:02:05,647 - Orchestrator - INFO - Dashboard updated
2026-03-17 18:02:05,766 - Orchestrator - INFO - Dashboard updated
2026-03-17 18:02:35,669 - Orchestrator - INFO - Dashboard updated
2026-03-17 18:02:35,775 - Orchestrator - INFO - Dashboard updated
2026-03-17 18:03:05,677 - Orchestrator - INFO - Dashboard updated
2026-03-17 18:03:05,783 - Orchestrator - INFO - Dashboard updated
2026-03-17 18:03:35,685 - Orchestrator - INFO - Dashboard updated
2026-03-17 18:03:35,792 - Orchestrator - INFO - Dashboard updated
2026-03-17 18:04:05,694 - Orchestrator - INFO - Dashboard updated
2026-03-17 18:04:05,801 - Orchestrator - INFO - Dashboard updated
2026-03-17 18:04:35,703 - Orchestrator - INFO - Dashboard updated
2026-03-17 18:04:35,810 - Orchestrator - INFO - Dashboard updated
2026-03-17 18:05:05,724 - Orchestrator - INFO - Dashboard updated
2026-03-17 18:05:05,819 - Orchestrator - INFO - Dashboard updated
2026-03-17 18:05:35,733 - Orchestrator - INFO - Dashboard updated
2026-03-17 18:05:35,828 - Orchestrator - INFO - Dashboard updated
2026-03-17 18:06:05,742 - Orchestrator - INFO - Dashboard updated
2026-03-17 18:06:05,836 - Orchestrator - INFO - Dashboard updated
2026-03-17 18:06:35,752 - Orchestrator - INFO - Dashboard updated
2026-03-17 18:06:35,846 - Orchestrator - INFO - Dashboard updated
2026-03-17 18:07:05,763 - Orchestrator - INFO - Dashboard updated
2026-03-17 18:07:05,857 - Orchestrator - INFO - Dashboard updated
2026-03-17 18:07:35,772 - Orchestrator - INFO - Dashboard updated
2026-03-17 18:07:35,865 - Orchestrator - INFO - Dashboard updated
2026-03-17 18:08:05,781 - Orchestrator - INFO - Dashboard updated
2026-03-17 18:08:05,875 - Orchestrator - INFO - Dashboard updated
2026-03-17 18:08:35,789 - Orchestrator - INFO - Dashboard updated
2026-03-17 18:08:35,884 - Orchestrator - INFO - Dashboard updated
2026-03-17 18:09:05,797 - Orchestrator - INFO - Dashboard updated
2026-03-17 18:09:05,895 - Orchestrator - INFO - Dashboard updated
2026-03-17 18:09:35,812 - Orchestrator - INFO - Dashboard updated
2026-03-17 18:09:35,909 - Orchestrator - INFO - Dashboard updated
2026-03-17 18:10:05,833 - Orchestrator - INFO - Dashboard updated
2026-03-17 18:10:05,921 - Orchestrator - INFO - Dashboard updated
2026-03-17 18:10:35,843 - Orchestrator - INFO - Dashboard updated
2026-03-17 18:10:35,929 - Orchestrator - INFO - Dashboard updated
2026-03-17 18:11:05,852 - Orchestrator - INFO - Dashboard updated
2026-03-17 18:11:05,942 - Orchestrator - INFO - Dashboard updated
2026-03-17 18:11:35,862 - Orchestrator - INFO - Dashboard updated
2026-03-17 18:11:35,951 - Orchestrator - INFO - Dashboard updated
2026-03-17 18:12:05,870 - Orchestrator - INFO - Dashboard updated
2026-03-17 18:12:05,960 - Orchestrator - INFO - Dashboard updated
2026-03-17 18:12:35,879 - Orchestrator - INFO - Dashboard updated
2026-03-17 18:12:35,969 - Orchestrator - INFO - Dashboard updated
2026-03-17 18:13:05,887 - Orchestrator - INFO - Dashboard updated
2026-03-17 18:13:05,979 - Orchestrator - INFO - Dashboard updated
2026-03-17 18:13:35,896 - Orchestrator - INFO - Dashboard updated
2026-03-17 18:13:35,988 - Orchestrator - INFO - Dashboard updated
2026-03-17 18:14:05,906 - Orchestrator - INFO - Dashboard updated
2026-03-17 18:14:05,997 - Orchestrator - INFO - Dashboard updated
2026-03-17 18:14:35,915 - Orchestrator - INFO - Dashboard updated
2026-03-17 18:14:36,008 - Orchestrator - INFO - Dashboard updated
2026-03-17 18:15:05,924 - Orchestrator - INFO - Dashboard updated
2026-03-17 18:15:06,017 - Orchestrator - INFO - Dashboard updated
2026-03-17 18:15:35,933 - Orchestrator - INFO - Dashboard updated
2026-03-17 18:15:36,030 - Orchestrator - INFO - Dashboard updated
2026-03-17 18:16:05,947 - Orchestrator - INFO - Dashboard updated
2026-03-17 18:16:06,048 - Orchestrator - INFO - Dashboard updated
2026-03-17 18:16:35,956 - Orchestrator - INFO - Dashboard updated
2026-03-17 18:16:36,056 - Orchestrator - INFO - Dashboard updated
2026-03-17 18:17:05,965 - Orchestrator - INFO - Dashboard updated
2026-03-17 18:17:06,066 - Orchestrator - INFO - Dashboard updated
2026-03-17 18:17:35,973 - Orchestrator - INFO - Dashboard updated
2026-03-17 18:17:36,087 - Orchestrator - INFO - Dashboard updated
2026-03-17 18:18:05,983 - Orchestrator - INFO - Dashboard updated
2026-03-17 18:18:06,099 - Orchestrator - INFO - Dashboard updated
2026-03-17 18:18:35,992 - Orchestrator - INFO - Dashboard updated
2026-03-17 18:18:36,110 - Orchestrator - INFO - Dashboard updated
2026-03-17 18:19:06,001 - Orchestrator - INFO - Dashboard updated
2026-03-17 18:19:06,119 - Orchestrator - INFO - Dashboard updated
2026-03-17 18:19:36,010 - Orchestrator - INFO - Dashboard updated
2026-03-17 18:19:36,130 - Orchestrator - INFO - Dashboard updated
2026-03-17 18:20:06,022 - Orchestrator - INFO - Dashboard updated
2026-03-17 18:20:06,141 - Orchestrator - INFO - Dashboard updated
2026-03-17 18:20:36,035 - Orchestrator - INFO - Dashboard updated
2026-03-17 18:20:36,154 - Orchestrator - INFO - Dashboard updated
2026-03-17 18:21:06,046 - Orchestrator - INFO - Dashboard updated
2026-03-17 18:21:06,166 - Orchestrator - INFO - Dashboard updated
2026-03-17 18:21:36,053 - Orchestrator - INFO - Dashboard updated
2026-03-17 18:21:36,174 - Orchestrator - INFO - Dashboard updated
2026-03-17 18:22:06,062 - Orchestrator - INFO - Dashboard updated
2026-03-17 18:22:06,183 - Orchestrator - INFO - Dashboard updated
2026-03-17 18:22:36,073 - Orchestrator - INFO - Dashboard updated
2026-03-17 18:22:36,194 - Orchestrator - INFO - Dashboard updated
2026-03-17 18:23:06,082 - Orchestrator - INFO - Dashboard updated
2026-03-17 18:23:06,202 - Orchestrator - INFO - Dashboard updated
2026-03-17 18:23:36,088 - Orchestrator - INFO - Dashboard updated
2026-03-17 18:23:36,211 - Orchestrator - INFO - Dashboard updated
2026-03-17 18:24:06,105 - Orchestrator - INFO - Dashboard updated
2026-03-17 18:24:06,226 - Orchestrator - INFO - Dashboard updated
2026-03-17 18:24:36,122 - Orchestrator - INFO - Dashboard updated
2026-03-17 18:24:36,253 - Orchestrator - INFO - Dashboard updated
2026-03-17 18:25:06,134 - Orchestrator - INFO - Dashboard updated
2026-03-17 18:25:06,265 - Orchestrator - INFO - Dashboard updated
2026-03-17 18:25:36,144 - Orchestrator - INFO - Dashboard updated
2026-03-17 18:25:36,275 - Orchestrator - INFO - Dashboard updated
2026-03-17 18:26:06,162 - Orchestrator - INFO - Dashboard updated
2026-03-17 18:26:06,293 - Orchestrator - INFO - Dashboard updated
2026-03-17 18:26:36,174 - Orchestrator - INFO - Dashboard updated
2026-03-17 18:26:36,310 - Orchestrator - INFO - Dashboard updated
2026-03-17 18:27:06,195 - Orchestrator - INFO - Dashboard updated
2026-03-17 18:27:06,329 - Orchestrator - INFO - Dashboard updated
2026-03-17 18:27:36,213 - Orchestrator - INFO - Dashboard updated
2026-03-17 18:27:36,343 - Orchestrator - INFO - Dashboard updated
2026-03-17 18:28:06,224 - Orchestrator - INFO - Dashboard updated
2026-03-17 18:28:06,368 - Orchestrator - INFO - Dashboard updated
2026-03-17 18:28:36,233 - Orchestrator - INFO - Dashboard updated
2026-03-17 18:28:36,391 - Orchestrator - INFO - Dashboard updated
2026-03-17 18:29:06,245 - Orchestrator - INFO - Dashboard updated
2026-03-17 18:29:06,407 - Orchestrator - INFO - Dashboard updated
2026-03-17 18:29:36,255 - Orchestrator - INFO - Dashboard updated
2026-03-17 18:29:36,415 - Orchestrator - INFO - Dashboard updated
2026-03-17 18:30:06,271 - Orchestrator - INFO - Dashboard updated
2026-03-17 18:30:06,430 - Orchestrator - INFO - Dashboard updated
2026-03-17 18:30:36,285 - Orchestrator - INFO - Dashboard updated
2026-03-17 18:30:36,444 - Orchestrator - INFO - Dashboard updated
2026-03-17 18:31:06,294 - Orchestrator - INFO - Dashboard updated
2026-03-17 18:31:06,453 - Orchestrator - INFO - Dashboard updated
2026-03-17 18:31:36,304 - Orchestrator - INFO - Dashboard updated
2026-03-17 18:31:36,462 - Orchestrator - INFO - Dashboard updated
2026-03-17 18:32:06,313 - Orchestrator - INFO - Dashboard updated
2026-03-17 18:32:06,470 - Orchestrator - INFO - Dashboard updated
2026-03-17 18:32:36,322 - Orchestrator - INFO - Dashboard updated
2026-03-17 18:32:36,478 - Orchestrator - INFO - Dashboard updated
2026-03-17 18:33:06,330 - Orchestrator - INFO - Dashboard updated
2026-03-17 18:33:06,488 - Orchestrator - INFO - Dashboard updated
2026-03-17 18:33:36,348 - Orchestrator - INFO - Dashboard updated
2026-03-17 18:33:36,495 - Orchestrator - INFO - Dashboard updated
2026-03-17 18:36:10,574 - Orchestrator - INFO - Dashboard updated
2026-03-17 18:36:10,572 - Orchestrator - INFO - Dashboard updated
2026-03-17 18:36:40,690 - Orchestrator - INFO - Dashboard updated
2026-03-17 18:36:40,718 - Orchestrator - INFO - Dashboard updated
2026-03-17 18:37:10,705 - Orchestrator - INFO - Dashboard updated
2026-03-17 18:37:10,730 - Orchestrator - INFO - Dashboard updated
2026-03-17 18:37:40,710 - Orchestrator - INFO - Dashboard updated
2026-03-17 18:37:40,735 - Orchestrator - INFO - Dashboard updated
2026-03-17 18:38:10,716 - Orchestrator - INFO - Dashboard updated
2026-03-17 18:38:10,744 - Orchestrator - INFO - Dashboard updated
2026-03-17 18:38:40,721 - Orchestrator - INFO - Dashboard updated
2026-03-17 18:38:40,749 - Orchestrator - INFO - Dashboard updated
2026-03-17 18:39:10,725 - Orchestrator - INFO - Dashboard updated
2026-03-17 18:39:10,754 - Orchestrator - INFO - Dashboard updated
2026-03-17 19:15:07,148 - Orchestrator - INFO - Dashboard updated
2026-03-17 19:15:07,176 - Orchestrator - INFO - Dashboard updated
2026-03-17 19:15:37,233 - Orchestrator - INFO - Dashboard updated
2026-03-17 19:15:37,343 - Orchestrator - INFO - Dashboard updated
2026-03-17 19:16:07,248 - Orchestrator - INFO - Dashboard updated
2026-03-17 19:16:07,362 - Orchestrator - INFO - Dashboard updated
2026-03-17 19:16:36,624 - Orchestrator - INFO - Orchestrator stopped by user
2026-03-17 19:16:37,262 - Orchestrator - INFO - Dashboard updated
2026-03-17 19:17:07,278 - Orchestrator - INFO - Dashboard updated
2026-03-17 19:17:37,299 - Orchestrator - INFO - Dashboard updated
2026-03-17 19:18:07,310 - Orchestrator - INFO - Dashboard updated
2026-03-17 19:18:37,321 - Orchestrator - INFO - Dashboard updated
2026-03-17 19:19:07,337 - Orchestrator - INFO - Dashboard updated
2026-03-17 19:19:27,206 - Orchestrator - INFO - Starting Orchestrator
2026-03-17 19:19:27,207 - Orchestrator - INFO - Vault path: C:\Users\pc\Desktop\desktop-tutorial\Hackathon-0--Personal-AI-Employee--Building-Autonomous--FTEs--Bronze-Tier--\AI_Employee_Vault
2026-03-17 19:19:27,208 - Orchestrator - INFO - Check interval: 30 seconds
2026-03-17 19:19:27,218 - Orchestrator - INFO - Dashboard updated
2026-03-17 19:19:27,259 - Orchestrator - INFO - Dashboard updated
2026-03-17 19:19:37,344 - Orchestrator - INFO - Dashboard updated
2026-03-17 19:19:57,265 - Orchestrator - INFO - Dashboard updated
2026-03-17 19:20:07,347 - Orchestrator - INFO - Dashboard updated
2026-03-17 19:20:27,272 - Orchestrator - INFO - Dashboard updated
2026-03-17 19:20:37,354 - Orchestrator - INFO - Dashboard updated
2026-03-17 19:20:37,403 - Orchestrator - INFO - Moved email.md from Inbox to Needs_Action
2026-03-17 19:20:37,408 - Orchestrator - INFO - Found 2 pending item(s)
2026-03-17 19:20:37,408 - Orchestrator - INFO - Processing: FILE_e3b0c442_20260317_192033.md
2026-03-17 19:20:37,411 - Orchestrator - INFO - Item type: file_drop, status: pending
2026-03-17 19:20:37,464 - Orchestrator - INFO - Completed processing: FILE_e3b0c442_20260317_192033.md
2026-03-17 19:20:37,465 - Orchestrator - INFO - Processing: INBOX_ffd3d21b48469c85_20260317_192037.md
2026-03-17 19:20:37,524 - Orchestrator - INFO - Item type: inbox_item, status: pending
2026-03-17 19:20:37,563 - Orchestrator - INFO - Completed processing: INBOX_ffd3d21b48469c85_20260317_192037.md
2026-03-17 19:20:57,280 - Orchestrator - INFO - Dashboard updated
2026-03-17 19:20:57,315 - Orchestrator - INFO - Found 2 pending item(s)
2026-03-17 19:20:57,315 - Orchestrator - INFO - Processing: FILE_e3b0c442_20260317_192033.md
2026-03-17 19:20:57,317 - Orchestrator - INFO - Item type: file_drop, status: pending
2026-03-17 19:20:57,338 - Orchestrator - INFO - Completed processing: FILE_e3b0c442_20260317_192033.md
2026-03-17 19:20:57,338 - Orchestrator - INFO - Processing: INBOX_ffd3d21b48469c85_20260317_192037.md
2026-03-17 19:20:57,339 - Orchestrator - INFO - Item type: inbox_item, status: pending
2026-03-17 19:20:57,367 - Orchestrator - INFO - Completed processing: INBOX_ffd3d21b48469c85_20260317_192037.md
2026-03-17 19:21:07,569 - Orchestrator - INFO - Dashboard updated
2026-03-17 19:21:27,373 - Orchestrator - INFO - Dashboard updated
2026-03-17 19:21:37,589 - Orchestrator - INFO - Dashboard updated
2026-03-17 19:21:57,380 - Orchestrator - INFO - Dashboard updated
2026-03-17 19:22:07,597 - Orchestrator - INFO - Dashboard updated
2026-03-17 19:22:27,389 - Orchestrator - INFO - Dashboard updated
2026-03-17 19:22:37,617 - Orchestrator - INFO - Dashboard updated
2026-03-17 19:22:57,397 - Orchestrator - INFO - Dashboard updated
2026-03-17 19:23:07,625 - Orchestrator - INFO - Dashboard updated
2026-03-17 19:23:27,407 - Orchestrator - INFO - Dashboard updated
2026-03-17 19:23:37,634 - Orchestrator - INFO - Dashboard updated
2026-03-17 19:23:57,415 - Orchestrator - INFO - Dashboard updated
2026-03-17 19:24:07,642 - Orchestrator - INFO - Dashboard updated
2026-03-17 19:24:27,423 - Orchestrator - INFO - Dashboard updated
2026-03-17 19:24:37,649 - Orchestrator - INFO - Dashboard updated
2026-03-17 19:24:57,431 - Orchestrator - INFO - Dashboard updated
2026-03-17 19:25:07,658 - Orchestrator - INFO - Dashboard updated
2026-03-17 19:25:27,440 - Orchestrator - INFO - Dashboard updated
2026-03-17 19:25:37,678 - Orchestrator - INFO - Dashboard updated
2026-03-17 19:25:57,448 - Orchestrator - INFO - Dashboard updated
2026-03-17 19:26:07,687 - Orchestrator - INFO - Dashboard updated
2026-03-17 19:26:27,458 - Orchestrator - INFO - Dashboard updated
2026-03-17 19:26:37,695 - Orchestrator - INFO - Dashboard updated
2026-03-17 19:26:57,464 - Orchestrator - INFO - Dashboard updated
2026-03-17 19:27:07,716 - Orchestrator - INFO - Dashboard updated
2026-03-17 19:27:27,472 - Orchestrator - INFO - Dashboard updated
2026-03-17 19:27:37,725 - Orchestrator - INFO - Dashboard updated
2026-03-17 19:27:57,479 - Orchestrator - INFO - Dashboard updated
2026-03-17 19:28:07,732 - Orchestrator - INFO - Dashboard updated
2026-03-17 19:28:27,486 - Orchestrator - INFO - Dashboard updated
2026-03-17 19:28:37,740 - Orchestrator - INFO - Dashboard updated
2026-03-17 19:28:57,493 - Orchestrator - INFO - Dashboard updated
2026-03-17 19:29:07,748 - Orchestrator - INFO - Dashboard updated
2026-03-17 19:29:27,501 - Orchestrator - INFO - Dashboard updated
2026-03-17 19:29:37,756 - Orchestrator - INFO - Dashboard updated
2026-03-17 19:29:57,508 - Orchestrator - INFO - Dashboard updated
2026-03-17 19:30:07,777 - Orchestrator - INFO - Dashboard updated
2026-03-17 19:30:27,516 - Orchestrator - INFO - Dashboard updated
2026-03-17 19:30:37,785 - Orchestrator - INFO - Dashboard updated
2026-03-17 19:30:57,525 - Orchestrator - INFO - Dashboard updated
2026-03-17 19:31:07,794 - Orchestrator - INFO - Dashboard updated
2026-03-17 19:36:40,152 - Orchestrator - INFO - Orchestrator stopped by user
