2026-03-17 16:04:48,263 - FileSystemWatcher - INFO - Loaded 1 previously processed files
2026-03-17 16:04:48,264 - FileSystemWatcher - INFO - Starting FileSystemWatcher with real-time monitoring
2026-03-17 16:04:48,265 - FileSystemWatcher - INFO - Inbox folder: C:\Users\pc\Desktop\desktop-tutorial\Hackathon-0--Personal-AI-Employee--Building-Autonomous--FTEs--Bronze-Tier--\AI_Employee_Vault\Inbox
2026-03-17 16:10:12,834 - FileSystemWatcher - INFO - Created action file for: test_email.md
2026-03-17 16:15:27,546 - FileSystemWatcher - INFO - FileSystemWatcher stopped by user
2026-03-17 16:19:25,264 - FileSystemWatcher - INFO - Loaded 1 previously processed files
2026-03-17 16:19:25,265 - FileSystemWatcher - INFO - Starting FileSystemWatcher with real-time monitoring
2026-03-17 16:19:25,266 - FileSystemWatcher - INFO - Inbox folder: C:\Users\pc\Desktop\desktop-tutorial\Hackathon-0--Personal-AI-Employee--Building-Autonomous--FTEs--Bronze-Tier--\AI_Employee_Vault\Inbox
2026-03-17 16:27:34,504 - FileSystemWatcher - INFO - Loaded 1 previously processed files
2026-03-17 16:27:39,941 - FileSystemWatcher - INFO - FileSystemWatcher stopped by user
2026-03-17 16:27:55,110 - FileSystemWatcher - INFO - Loaded 1 previously processed files
2026-03-17 16:27:55,115 - FileSystemWatcher - INFO - Starting FileSystemWatcher with real-time monitoring
2026-03-17 16:27:55,116 - FileSystemWatcher - INFO - Inbox folder: C:\Users\pc\Desktop\desktop-tutorial\Hackathon-0--Personal-AI-Employee--Building-Autonomous--FTEs--Bronze-Tier--\AI_Employee_Vault\Inbox
2026-03-17 16:27:57,159 - FileSystemWatcher - INFO - FileSystemWatcher stopped by user
2026-03-17 16:29:11,786 - FileSystemWatcher - INFO - Loaded 1 previously processed files
2026-03-17 16:29:11,789 - FileSystemWatcher - INFO - Starting FileSystemWatcher with real-time monitoring
2026-03-17 16:29:11,789 - FileSystemWatcher - INFO - Inbox folder: C:\Users\pc\Desktop\desktop-tutorial\Hackathon-0--Personal-AI-Employee--Building-Autonomous--FTEs--Bronze-Tier--\AI_Employee_Vault\Inbox
2026-03-17 16:37:55,299 - FileSystemWatcher - INFO - Created action file for: Untitled.md
2026-03-17 16:43:04,543 - FileSystemWatcher - INFO - FileSystemWatcher stopped by user
2026-03-17 16:43:06,428 - FileSystemWatcher - INFO - Loaded 1 previously processed files
2026-03-17 16:43:06,431 - FileSystemWatcher - INFO - Starting FileSystemWatcher with real-time monitoring
2026-03-17 16:43:06,431 - FileSystemWatcher - INFO - Inbox folder: C:\Users\pc\Desktop\desktop-tutorial\Hackathon-0--Personal-AI-Employee--Building-Autonomous--FTEs--Bronze-Tier--\AI_Employee_Vault\Inbox
2026-03-17 16:43:50,511 - FileSystemWatcher - INFO - Created action file for: hello.md
2026-03-17 19:16:31,678 - FileSystemWatcher - INFO - FileSystemWatcher stopped by user
2026-03-17 19:19:35,723 - FileSystemWatcher - INFO - Loaded 0 previously processed files
2026-03-17 19:19:35,727 - FileSystemWatcher - INFO - Starting FileSystemWatcher with real-time monitoring
2026-03-17 19:19:35,728 - FileSystemWatcher - INFO - Inbox folder: C:\Users\pc\Desktop\desktop-tutorial\Hackathon-0--Personal-AI-Employee--Building-Autonomous--FTEs--Bronze-Tier--\AI_Employee_Vault\Inbox
2026-03-17 19:20:33,128 - FileSystemWatcher - INFO - Created action file for: email.md
2026-03-17 19:36:49,136 - FileSystemWatcher - INFO - FileSystemWatcher stopped by user
